Change Component Designator: Old Designator=C? New Designator=C244
Change Component Designator: Old Designator=C? New Designator=C245
Change Component Designator: Old Designator=C? New Designator=C248
Change Component Designator: Old Designator=C? New Designator=C249
Change Component Designator: Old Designator=D? New Designator=D9
Change Component Designator: Old Designator=IC? New Designator=IC13
Change Component Designator: Old Designator=IC? New Designator=IC15
Change Component Designator: Old Designator=IC? New Designator=IC16
Change Component Designator: Old Designator=R? New Designator=R235
Change Component Designator: Old Designator=R? New Designator=R236
Change Component Designator: Old Designator=R? New Designator=R241
Change Component Designator: Old Designator=R? New Designator=R242
Change Component Designator: Old Designator=R? New Designator=R250
Change Component Designator: Old Designator=R? New Designator=R251
Change Component Designator: Old Designator=R? New Designator=R252
Change Component Designator: Old Designator=R? New Designator=R253
Change Component Designator: Old Designator=R? New Designator=R254
Change Component Designator: Old Designator=R? New Designator=R255
Change Component Designator: Old Designator=R? New Designator=R256
Change Component Designator: Old Designator=R? New Designator=R257
Change Component Designator: Old Designator=T? New Designator=T4
