Change Component Designator: Old Designator=C? New Designator=C261
Change Component Designator: Old Designator=C? New Designator=C262
Change Component Designator: Old Designator=C? New Designator=C263
Change Component Designator: Old Designator=C? New Designator=C264
Change Component Designator: Old Designator=C? New Designator=C265
Change Component Designator: Old Designator=C? New Designator=C266
Change Component Designator: Old Designator=D? New Designator=D10
Change Component Designator: Old Designator=D? New Designator=D11
Change Component Designator: Old Designator=D? New Designator=D12
Change Component Designator: Old Designator=D? New Designator=D14
Change Component Designator: Old Designator=D? New Designator=D15
Change Component Designator: Old Designator=IC? New Designator=IC17
Change Component Designator: Old Designator=J? New Designator=J2
Change Component Designator: Old Designator=L? New Designator=L11
Change Component Designator: Old Designator=R? New Designator=R258
Change Component Designator: Old Designator=R? New Designator=R259
Change Component Designator: Old Designator=R? New Designator=R260
Change Component Designator: Old Designator=R? New Designator=R261
Change Component Designator: Old Designator=R? New Designator=R262
Change Component Designator: Old Designator=R? New Designator=R263
Change Component Designator: Old Designator=R? New Designator=R264
Change Component Designator: Old Designator=R? New Designator=R265
Change Component Designator: Old Designator=R? New Designator=R266
Change Component Designator: Old Designator=R? New Designator=R267
Change Component Designator: Old Designator=R? New Designator=R268
