Change Component Designator: Old Designator=C? New Designator=C168
Change Component Designator: Old Designator=C? New Designator=C169
Change Component Designator: Old Designator=C? New Designator=C170
Change Component Designator: Old Designator=C? New Designator=C171
Change Component Designator: Old Designator=C? New Designator=C172
Change Component Designator: Old Designator=C? New Designator=C173
Change Component Designator: Old Designator=C? New Designator=C175
Change Component Designator: Old Designator=C? New Designator=C176
Change Component Designator: Old Designator=C? New Designator=C177
Change Component Designator: Old Designator=C? New Designator=C178
Change Component Designator: Old Designator=C? New Designator=C179
Change Component Designator: Old Designator=C? New Designator=C180
Change Component Designator: Old Designator=C? New Designator=C181
Change Component Designator: Old Designator=C? New Designator=C182
Change Component Designator: Old Designator=C? New Designator=C183
Change Component Designator: Old Designator=C? New Designator=C184
Change Component Designator: Old Designator=C? New Designator=C185
Change Component Designator: Old Designator=C? New Designator=C186
Change Component Designator: Old Designator=C? New Designator=C187
Change Component Designator: Old Designator=C? New Designator=C188
Change Component Designator: Old Designator=C? New Designator=C189
Change Component Designator: Old Designator=C? New Designator=C190
Change Component Designator: Old Designator=C? New Designator=C191
Change Component Designator: Old Designator=C? New Designator=C192
Change Component Designator: Old Designator=C? New Designator=C193
Change Component Designator: Old Designator=C? New Designator=C194
Change Component Designator: Old Designator=D? New Designator=D4
Change Component Designator: Old Designator=L? New Designator=L2
Change Component Designator: Old Designator=R? New Designator=R175
Change Component Designator: Old Designator=R? New Designator=R176
Change Component Designator: Old Designator=R? New Designator=R177
Change Component Designator: Old Designator=R? New Designator=R178
Change Component Designator: Old Designator=R? New Designator=R179
Change Component Designator: Old Designator=R? New Designator=R180
Change Component Designator: Old Designator=R? New Designator=R181
Change Component Designator: Old Designator=R? New Designator=R182
Change Component Designator: Old Designator=R? New Designator=R183
Change Component Designator: Old Designator=R? New Designator=R184
Change Component Designator: Old Designator=R? New Designator=R185
Change Component Designator: Old Designator=R? New Designator=R186
Change Component Designator: Old Designator=R? New Designator=R187
Change Component Designator: Old Designator=R? New Designator=R188
Change Component Designator: Old Designator=R? New Designator=R189
Change Component Designator: Old Designator=R? New Designator=R190
Change Component Designator: Old Designator=R? New Designator=R191
Change Component Designator: Old Designator=R? New Designator=R192
Change Component Designator: Old Designator=R? New Designator=R193
Change Component Designator: Old Designator=R? New Designator=R194
Change Component Designator: Old Designator=R? New Designator=R195
Change Component Designator: Old Designator=R? New Designator=R196
Change Component Designator: Old Designator=U? New Designator=U9
