Removed Member From Class: ClassName=SpW Member=SPW_RXD_0_N
Removed Member From Class: ClassName=SpW Member=SPW_RXD_0_P
Removed Member From Class: ClassName=SpW Member=SPW_RXD_1_N
Removed Member From Class: ClassName=SpW Member=SPW_RXD_1_P
Removed Member From Class: ClassName=SpW Member=SPW_RXD_2_N
Removed Member From Class: ClassName=SpW Member=SPW_RXD_2_P
Removed Member From Class: ClassName=SpW Member=SPW_RXD_3_N
Removed Member From Class: ClassName=SpW Member=SPW_RXD_3_P
Removed Member From Class: ClassName=SpW Member=SPW_RXD_4_N
Removed Member From Class: ClassName=SpW Member=SPW_RXD_4_P
Removed Member From Class: ClassName=SpW Member=SPW_RXD_5_N
Removed Member From Class: ClassName=SpW Member=SPW_RXD_5_P
Removed Member From Class: ClassName=SpW Member=SPW_RXD_6_N
Removed Member From Class: ClassName=SpW Member=SPW_RXD_6_P
Removed Member From Class: ClassName=SpW Member=SPW_RXD_7_N
Removed Member From Class: ClassName=SpW Member=SPW_RXD_7_P
Removed Member From Class: ClassName=SpW Member=SPW_RXS_0_N
Removed Member From Class: ClassName=SpW Member=SPW_RXS_0_P
Removed Member From Class: ClassName=SpW Member=SPW_RXS_1_N
Removed Member From Class: ClassName=SpW Member=SPW_RXS_1_P
Removed Member From Class: ClassName=SpW Member=SPW_RXS_2_N
Removed Member From Class: ClassName=SpW Member=SPW_RXS_2_P
Removed Member From Class: ClassName=SpW Member=SPW_RXS_3_N
Removed Member From Class: ClassName=SpW Member=SPW_RXS_3_P
Removed Member From Class: ClassName=SpW Member=SPW_RXS_4_N
Removed Member From Class: ClassName=SpW Member=SPW_RXS_4_P
Removed Member From Class: ClassName=SpW Member=SPW_RXS_5_N
Removed Member From Class: ClassName=SpW Member=SPW_RXS_5_P
Removed Member From Class: ClassName=SpW Member=SPW_RXS_6_N
Removed Member From Class: ClassName=SpW Member=SPW_RXS_6_P
Removed Member From Class: ClassName=SpW Member=SPW_RXS_7_N
Removed Member From Class: ClassName=SpW Member=SPW_RXS_7_P
Removed Member From Class: ClassName=SpW Member=SPW_TXD_0_N
Removed Member From Class: ClassName=SpW Member=SPW_TXD_0_P
Removed Member From Class: ClassName=SpW Member=SPW_TXD_1_N
Removed Member From Class: ClassName=SpW Member=SPW_TXD_1_P
Removed Member From Class: ClassName=SpW Member=SPW_TXD_2_N
Removed Member From Class: ClassName=SpW Member=SPW_TXD_2_P
Removed Member From Class: ClassName=SpW Member=SPW_TXD_3_N
Removed Member From Class: ClassName=SpW Member=SPW_TXD_3_P
Removed Member From Class: ClassName=SpW Member=SPW_TXD_4_N
Removed Member From Class: ClassName=SpW Member=SPW_TXD_4_P
Removed Member From Class: ClassName=SpW Member=SPW_TXD_5_N
Removed Member From Class: ClassName=SpW Member=SPW_TXD_5_P
Removed Member From Class: ClassName=SpW Member=SPW_TXD_6_N
Removed Member From Class: ClassName=SpW Member=SPW_TXD_6_P
Removed Member From Class: ClassName=SpW Member=SPW_TXD_7_N
Removed Member From Class: ClassName=SpW Member=SPW_TXD_7_P
Removed Member From Class: ClassName=SpW Member=SPW_TXS_0_N
Removed Member From Class: ClassName=SpW Member=SPW_TXS_0_P
Removed Member From Class: ClassName=SpW Member=SPW_TXS_1_N
Removed Member From Class: ClassName=SpW Member=SPW_TXS_1_P
Removed Member From Class: ClassName=SpW Member=SPW_TXS_2_N
Removed Member From Class: ClassName=SpW Member=SPW_TXS_2_P
Removed Member From Class: ClassName=SpW Member=SPW_TXS_3_N
Removed Member From Class: ClassName=SpW Member=SPW_TXS_3_P
Removed Member From Class: ClassName=SpW Member=SPW_TXS_4_N
Removed Member From Class: ClassName=SpW Member=SPW_TXS_4_P
Removed Member From Class: ClassName=SpW Member=SPW_TXS_5_N
Removed Member From Class: ClassName=SpW Member=SPW_TXS_5_P
Removed Member From Class: ClassName=SpW Member=SPW_TXS_6_N
Removed Member From Class: ClassName=SpW Member=SPW_TXS_6_P
Removed Member From Class: ClassName=SpW Member=SPW_TXS_7_N
Removed Member From Class: ClassName=SpW Member=SPW_TXS_7_P
Added Pin To Net: NetName=CPtp08-DB_P Pin=U1-D22
Added Pin To Net: NetName=CPtp08-DB_N Pin=U1-D23
Added Pin To Net: NetName=CPtp08-DD_P Pin=U1-D24
Added Pin To Net: NetName=CPtp08-DC_P Pin=U1-E24
Added Pin To Net: NetName=CPtp08-DC_N Pin=U1-E25
Added Pin To Net: NetName=CPtp07-DB_P Pin=U1-F22
Added Pin To Net: NetName=CPtp07-DB_N Pin=U1-F23
Added Pin To Net: NetName=CPtp07-DD_P Pin=U1-F24
Added Pin To Net: NetName=CPtp07-DD_N Pin=U1-F25
Added Pin To Net: NetName=CPtp07-DA_P Pin=U1-G22
Added Pin To Net: NetName=CPtp07-DA_N Pin=U1-G23
Added Pin To Net: NetName=CPtp07-DC_P Pin=U1-G24
Added Pin To Net: NetName=CPtp07-DC_N Pin=U1-G25
Added Pin To Net: NetName=CPtp06-DB_P Pin=U1-H22
Added Pin To Net: NetName=CPtp06-DB_N Pin=U1-H23
Added Pin To Net: NetName=CPtp06-DD_P Pin=U1-H24
Added Pin To Net: NetName=CPtp06-DD_N Pin=U1-H25
Added Pin To Net: NetName=CPtp06-DA_P Pin=U1-J22
Added Pin To Net: NetName=CPtp06-DA_N Pin=U1-J23
Added Pin To Net: NetName=CPtp06-DC_P Pin=U1-J24
Added Pin To Net: NetName=CPtp06-DC_N Pin=U1-J25
Added Pin To Net: NetName=CPtp05-DB_P Pin=U1-K22
Added Pin To Net: NetName=CPtp05-DB_N Pin=U1-K23
Added Pin To Net: NetName=CPtp05-DD_P Pin=U1-K24
Added Pin To Net: NetName=CPtp05-DD_N Pin=U1-K25
Added Pin To Net: NetName=CPtp05-DA_P Pin=U1-L22
Added Pin To Net: NetName=CPtp05-DA_N Pin=U1-L23
Added Pin To Net: NetName=CPtp05-DC_P Pin=U1-L24
Added Pin To Net: NetName=CPtp05-DC_N Pin=U1-L25
Added Pin To Net: NetName=CPtp04-DB_P Pin=U1-M22
Added Pin To Net: NetName=CPtp04-DB_N Pin=U1-M23
Added Pin To Net: NetName=CPtp04-DD_P Pin=U1-M24
Added Pin To Net: NetName=CPtp04-DD_N Pin=U1-M25
Added Pin To Net: NetName=CPtp04-DA_P Pin=U1-N22
Added Pin To Net: NetName=CPtp04-DA_N Pin=U1-N23
Added Pin To Net: NetName=CPtp04-DC_P Pin=U1-N24
Added Pin To Net: NetName=CPtp04-DC_N Pin=U1-N25
Added Pin To Net: NetName=CPtp03-DB_P Pin=U1-P22
Added Pin To Net: NetName=CPtp03-DB_N Pin=U1-P23
Added Pin To Net: NetName=CPtp03-DD_P Pin=U1-P24
Added Pin To Net: NetName=CPtp03-DD_N Pin=U1-P25
Added Pin To Net: NetName=CPtp03-DA_P Pin=U1-R22
Added Pin To Net: NetName=CPtp03-DA_N Pin=U1-R23
Added Pin To Net: NetName=CPtp03-DC_P Pin=U1-R24
Added Pin To Net: NetName=CPtp03-DC_N Pin=U1-R25
Added Pin To Net: NetName=CPtp02-DB_P Pin=U1-T22
Added Pin To Net: NetName=CPtp02-DB_N Pin=U1-T23
Added Pin To Net: NetName=CPtp02-DD_P Pin=U1-T24
Added Pin To Net: NetName=CPtp02-DD_N Pin=U1-T25
Added Pin To Net: NetName=CPtp02-DA_P Pin=U1-U22
Added Pin To Net: NetName=CPtp02-DA_N Pin=U1-U23
Added Pin To Net: NetName=CPtp02-DC_P Pin=U1-U24
Added Pin To Net: NetName=CPtp02-DC_N Pin=U1-U25
Added Pin To Net: NetName=CPtp01-DB_P Pin=U1-V22
Added Pin To Net: NetName=CPtp01-DB_N Pin=U1-V23
Added Pin To Net: NetName=CPtp01-DD_P Pin=U1-V24
Added Pin To Net: NetName=CPtp01-DD_N Pin=U1-V25
Added Pin To Net: NetName=CPtp01-DA_P Pin=U1-W22
Added Pin To Net: NetName=CPtp01-DA_N Pin=U1-W23
Added Pin To Net: NetName=CPtp01-DC_P Pin=U1-W24
Added Pin To Net: NetName=CPtp01-DC_N Pin=U1-W25
Added Member To Class: ClassName=SpW Member=Wire CPtp01-DA_N
Added Member To Class: ClassName=SpW Member=Wire CPtp01-DA_P
Added Member To Class: ClassName=SpW Member=Wire CPtp01-DB_N
Added Member To Class: ClassName=SpW Member=Wire CPtp01-DB_P
Added Member To Class: ClassName=SpW Member=Wire CPtp01-DC_N
Added Member To Class: ClassName=SpW Member=Wire CPtp01-DC_P
Added Member To Class: ClassName=SpW Member=Wire CPtp01-DD_N
Added Member To Class: ClassName=SpW Member=Wire CPtp01-DD_P
Added Member To Class: ClassName=SpW Member=Wire CPtp02-DA_N
Added Member To Class: ClassName=SpW Member=Wire CPtp02-DA_P
Added Member To Class: ClassName=SpW Member=Wire CPtp02-DB_N
Added Member To Class: ClassName=SpW Member=Wire CPtp02-DB_P
Added Member To Class: ClassName=SpW Member=Wire CPtp02-DC_N
Added Member To Class: ClassName=SpW Member=Wire CPtp02-DC_P
Added Member To Class: ClassName=SpW Member=Wire CPtp02-DD_N
Added Member To Class: ClassName=SpW Member=Wire CPtp02-DD_P
Added Member To Class: ClassName=SpW Member=Wire CPtp03-DA_N
Added Member To Class: ClassName=SpW Member=Wire CPtp03-DA_P
Added Member To Class: ClassName=SpW Member=Wire CPtp03-DB_N
Added Member To Class: ClassName=SpW Member=Wire CPtp03-DB_P
Added Member To Class: ClassName=SpW Member=Wire CPtp03-DC_N
Added Member To Class: ClassName=SpW Member=Wire CPtp03-DC_P
Added Member To Class: ClassName=SpW Member=Wire CPtp03-DD_N
Added Member To Class: ClassName=SpW Member=Wire CPtp03-DD_P
Added Member To Class: ClassName=SpW Member=Wire CPtp04-DA_N
Added Member To Class: ClassName=SpW Member=Wire CPtp04-DA_P
Added Member To Class: ClassName=SpW Member=Wire CPtp04-DB_N
Added Member To Class: ClassName=SpW Member=Wire CPtp04-DB_P
Added Member To Class: ClassName=SpW Member=Wire CPtp04-DC_N
Added Member To Class: ClassName=SpW Member=Wire CPtp04-DC_P
Added Member To Class: ClassName=SpW Member=Wire CPtp04-DD_N
Added Member To Class: ClassName=SpW Member=Wire CPtp04-DD_P
Added Member To Class: ClassName=SpW Member=Wire CPtp05-DA_N
Added Member To Class: ClassName=SpW Member=Wire CPtp05-DA_P
Added Member To Class: ClassName=SpW Member=Wire CPtp05-DB_N
Added Member To Class: ClassName=SpW Member=Wire CPtp05-DB_P
Added Member To Class: ClassName=SpW Member=Wire CPtp05-DC_N
Added Member To Class: ClassName=SpW Member=Wire CPtp05-DC_P
Added Member To Class: ClassName=SpW Member=Wire CPtp05-DD_N
Added Member To Class: ClassName=SpW Member=Wire CPtp05-DD_P
Added Member To Class: ClassName=SpW Member=Wire CPtp06-DA_N
Added Member To Class: ClassName=SpW Member=Wire CPtp06-DA_P
Added Member To Class: ClassName=SpW Member=Wire CPtp06-DB_N
Added Member To Class: ClassName=SpW Member=Wire CPtp06-DB_P
Added Member To Class: ClassName=SpW Member=Wire CPtp06-DC_N
Added Member To Class: ClassName=SpW Member=Wire CPtp06-DC_P
Added Member To Class: ClassName=SpW Member=Wire CPtp06-DD_N
Added Member To Class: ClassName=SpW Member=Wire CPtp06-DD_P
Added Member To Class: ClassName=SpW Member=Wire CPtp07-DA_N
Added Member To Class: ClassName=SpW Member=Wire CPtp07-DA_P
Added Member To Class: ClassName=SpW Member=Wire CPtp07-DB_N
Added Member To Class: ClassName=SpW Member=Wire CPtp07-DB_P
Added Member To Class: ClassName=SpW Member=Wire CPtp07-DC_N
Added Member To Class: ClassName=SpW Member=Wire CPtp07-DC_P
Added Member To Class: ClassName=SpW Member=Wire CPtp07-DD_N
Added Member To Class: ClassName=SpW Member=Wire CPtp07-DD_P
Added Member To Class: ClassName=SpW Member=Wire CPtp08-DA_N
Added Member To Class: ClassName=SpW Member=Wire CPtp08-DA_P
Added Member To Class: ClassName=SpW Member=Wire CPtp08-DB_N
Added Member To Class: ClassName=SpW Member=Wire CPtp08-DB_P
Added Member To Class: ClassName=SpW Member=Wire CPtp08-DC_N
Added Member To Class: ClassName=SpW Member=Wire CPtp08-DC_P
Added Member To Class: ClassName=SpW Member=Wire CPtp08-DD_N
Added Member To Class: ClassName=SpW Member=Wire CPtp08-DD_P
