Added Pin To Net: NetName=GND Pin=IC31-1
Added Pin To Net: NetName=REF_2V048 Pin=IC31-2
Added Pin To Net: NetName=Umeas_P12V0 Pin=IC31-3
Added Pin To Net: NetName=PG_P1V2 Pin=IC31-4
Added Pin To Net: NetName=PG_P2V5 Pin=IC31-6
Added Pin To Net: NetName=AIN15_16 Pin=IC31-7
Added Pin To Net: NetName=TxD Pin=IC31-8
Added Pin To Net: NetName=RxD Pin=IC31-9
Added Pin To Net: NetName=TEMP_SDA_16 Pin=IC31-13
Added Pin To Net: NetName=TEMP_SCL_16 Pin=IC31-14
Added Pin To Net: NetName=PWR_OVLn Pin=IC31-15
Added Pin To Net: NetName=Imeas_P1V2 Pin=IC31-17
Added Pin To Net: NetName=GND Pin=IC31-19
Added Pin To Net: NetName=P3V3MP Pin=IC31-20
Added Pin To Net: NetName=NetIC31_21 Pin=IC31-21
Added Pin To Net: NetName=NetIC31_22 Pin=IC31-22
Added Pin To Net: NetName=NetIC31_23 Pin=IC31-23
Added Pin To Net: NetName=NetIC31_24 Pin=IC31-24
Added Pin To Net: NetName=SYS_CON Pin=IC31-25
Added Pin To Net: NetName=SYS_CON_P Pin=IC31-26
Added Pin To Net: NetName=AIN16_16 Pin=IC31-27
Added Pin To Net: NetName=AIN17_16 Pin=IC31-28
Added Pin To Net: NetName=Imeas_P3V3 Pin=IC31-29
Added Pin To Net: NetName=Imeas_P12V0 Pin=IC31-30
Added Pin To Net: NetName=Imeas_P2V5 Pin=IC31-31
Added Pin To Net: NetName=Umeas_P3V3 Pin=IC31-32
Added Pin To Net: NetName=Umeas_P2V5 Pin=IC31-33
Added Pin To Net: NetName=Umeas_P1V2 Pin=IC31-34
Added Pin To Net: NetName=GPIO_A4 Pin=IC31-35
Added Pin To Net: NetName=NetIC31_37 Pin=IC31-37
Added Pin To Net: NetName=JTAG_R\S\T\_17 Pin=IC31-38
Added Pin To Net: NetName=GND Pin=IC31-39
Added Pin To Net: NetName=P3V3MP Pin=IC31-40
Added Pin To Net: NetName=GPIO_A1 Pin=IC31-41
Added Pin To Net: NetName=GPIO_A2 Pin=IC31-42
Added Pin To Net: NetName=GPIO_A3 Pin=IC31-43
Added Pin To Net: NetName=GA0 Pin=IC31-44
Added Pin To Net: NetName=GA1 Pin=IC31-45
Added Pin To Net: NetName=GA2 Pin=IC31-46
Added Pin To Net: NetName=GA3 Pin=IC31-47
Added Pin To Net: NetName=GA4 Pin=IC31-48
Added Pin To Net: NetName=GAP Pin=IC31-49
Added Pin To Net: NetName=SM1 Pin=IC31-51
Added Pin To Net: NetName=SM0 Pin=IC31-52
Added Pin To Net: NetName=FPGA_RST Pin=IC31-53
Added Pin To Net: NetName=SM_STAT_C_16 Pin=IC31-56
Added Pin To Net: NetName=GND Pin=IC31-60
Added Pin To Net: NetName=P3V3MP Pin=IC31-61
Added Pin To Net: NetName=Imeas_P3V3MP Pin=IC31-63
Added Pin To Net: NetName=Umeas_P3V3MP Pin=IC31-64
Added Pin To Net: NetName=GND Pin=IC31-73
Added Pin To Net: NetName=GND Pin=IC31-76
Added Pin To Net: NetName=GND Pin=IC31-79
Added Pin To Net: NetName=NetC202_2 Pin=IC31-80
