Added Pin To Net: NetName=PROM_A6 Pin=U1-A3
Added Pin To Net: NetName=PROM_A2 Pin=U1-A4
Added Pin To Net: NetName=PROM_WEN Pin=U1-A5
Added Pin To Net: NetName=PROM_DATA14 Pin=U1-A6
Added Pin To Net: NetName=PROM_DATA10 Pin=U1-A7
Added Pin To Net: NetName=PROM_DATA6 Pin=U1-A8
Added Pin To Net: NetName=PROM_DATA2 Pin=U1-A9
Added Pin To Net: NetName=MEM_DQ23 Pin=U1-AA1
Added Pin To Net: NetName=MEM_DQ21 Pin=U1-AA2
Added Pin To Net: NetName=MEM_DQM2 Pin=U1-AA3
Added Pin To Net: NetName=MEM_DQ22 Pin=U1-AA4
Added Pin To Net: NetName=MEM_DQ18 Pin=U1-AA5
Added Pin To Net: NetName=RAM_A7 Pin=U1-AA10
Added Pin To Net: NetName=MEM_CAS Pin=U1-AA12
Added Pin To Net: NetName=MEM_WE Pin=U1-AA13
Added Pin To Net: NetName=MEM_DQM7 Pin=U1-AA16
Added Pin To Net: NetName=MEM_DQ65 Pin=U1-AA17
Added Pin To Net: NetName=MEM_DQ69 Pin=U1-AA18
Added Pin To Net: NetName=MEM_DQ73 Pin=U1-AA19
Added Pin To Net: NetName=MEM_DQ79 Pin=U1-AA20
Added Pin To Net: NetName=MEM_CLK_P Pin=U1-AA24
Added Pin To Net: NetName=MEM_CLK_N Pin=U1-AA25
Added Pin To Net: NetName=MEM_DQM3 Pin=U1-AB1
Added Pin To Net: NetName=MEM_DQ25 Pin=U1-AB2
Added Pin To Net: NetName=MEM_DQ26 Pin=U1-AB3
Added Pin To Net: NetName=MEM_DQ28 Pin=U1-AB4
Added Pin To Net: NetName=MEM_DQ24 Pin=U1-AB5
Added Pin To Net: NetName=MEM_DQM4 Pin=U1-AB6
Added Pin To Net: NetName=RAM_A1 Pin=U1-AB9
Added Pin To Net: NetName=RAM_A3 Pin=U1-AB10
Added Pin To Net: NetName=RAM_A11 Pin=U1-AB11
Added Pin To Net: NetName=MEM_BA0 Pin=U1-AB12
Added Pin To Net: NetName=MEM_DQ67 Pin=U1-AB18
Added Pin To Net: NetName=MEM_DQ71 Pin=U1-AB19
Added Pin To Net: NetName=MEM_DQ77 Pin=U1-AB20
Added Pin To Net: NetName=MEM_DQM10 Pin=U1-AB22
Added Pin To Net: NetName=MEM_DQ29 Pin=U1-AC1
Added Pin To Net: NetName=MEM_DQ27 Pin=U1-AC2
Added Pin To Net: NetName=MEM_DQ30 Pin=U1-AC3
Added Pin To Net: NetName=RAM_A5 Pin=U1-AC10
Added Pin To Net: NetName=RAM_A9 Pin=U1-AC11
Added Pin To Net: NetName=MEM_DQ68 Pin=U1-AC18
Added Pin To Net: NetName=MEM_DQM9 Pin=U1-AC19
Added Pin To Net: NetName=MEM_DQ75 Pin=U1-AC20
Added Pin To Net: NetName=MEM_DQM11 Pin=U1-AC25
Added Pin To Net: NetName=MEM_DQ31 Pin=U1-AD3
Added Pin To Net: NetName=MEM_CS Pin=U1-AD8
Added Pin To Net: NetName=RAM_A2 Pin=U1-AD9
Added Pin To Net: NetName=RAM_A6 Pin=U1-AD10
Added Pin To Net: NetName=RAM_A10 Pin=U1-AD11
Added Pin To Net: NetName=MEM_RAS Pin=U1-AD13
Added Pin To Net: NetName=MEM_DQM6 Pin=U1-AD15
Added Pin To Net: NetName=MEM_DQ64 Pin=U1-AD18
Added Pin To Net: NetName=MEM_DQM8 Pin=U1-AD19
Added Pin To Net: NetName=MEM_DQ74 Pin=U1-AD20
Added Pin To Net: NetName=MEM_DQ78 Pin=U1-AD21
Added Pin To Net: NetName=MEM_DQM5 Pin=U1-AE5
Added Pin To Net: NetName=RAM_A0 Pin=U1-AE8
Added Pin To Net: NetName=RAM_A4 Pin=U1-AE9
Added Pin To Net: NetName=RAM_A8 Pin=U1-AE10
Added Pin To Net: NetName=RAM_A12 Pin=U1-AE11
Added Pin To Net: NetName=MEM_BA1 Pin=U1-AE12
Added Pin To Net: NetName=MEM_CKE Pin=U1-AE13
Added Pin To Net: NetName=MEM_DQ66 Pin=U1-AE18
Added Pin To Net: NetName=MEM_DQ70 Pin=U1-AE19
Added Pin To Net: NetName=MEM_DQ72 Pin=U1-AE20
Added Pin To Net: NetName=MEM_DQ76 Pin=U1-AE21
Added Pin To Net: NetName=PROM_A9 Pin=U1-B2
Added Pin To Net: NetName=PROM_A8 Pin=U1-B3
Added Pin To Net: NetName=PROM_A4 Pin=U1-B4
Added Pin To Net: NetName=PROM_A0 Pin=U1-B5
Added Pin To Net: NetName=PROM_READ Pin=U1-B6
Added Pin To Net: NetName=PROM_DATA12 Pin=U1-B7
Added Pin To Net: NetName=PROM_DATA8 Pin=U1-B8
Added Pin To Net: NetName=PROM_DATA4 Pin=U1-B9
Added Pin To Net: NetName=PROM_A10 Pin=U1-C1
Added Pin To Net: NetName=PROM_A12 Pin=U1-C2
Added Pin To Net: NetName=PROM_A7 Pin=U1-C3
Added Pin To Net: NetName=PROM_A3 Pin=U1-C4
Added Pin To Net: NetName=PROM_OE Pin=U1-C5
Added Pin To Net: NetName=PROM_DATA15 Pin=U1-C6
Added Pin To Net: NetName=PROM_DATA9 Pin=U1-C7
Added Pin To Net: NetName=PROM_DATA5 Pin=U1-C8
Added Pin To Net: NetName=PROM_DATA0 Pin=U1-C9
Added Pin To Net: NetName=PROM_A14 Pin=U1-D1
Added Pin To Net: NetName=PROM_A16 Pin=U1-D2
Added Pin To Net: NetName=PROM_A11 Pin=U1-D3
Added Pin To Net: NetName=PROM_A5 Pin=U1-D4
Added Pin To Net: NetName=PROM_DATA13 Pin=U1-D6
Added Pin To Net: NetName=PROM_DATA11 Pin=U1-D7
Added Pin To Net: NetName=PROM_DATA3 Pin=U1-D8
Added Pin To Net: NetName=PROM_A18 Pin=U1-E1
Added Pin To Net: NetName=PROM_A20 Pin=U1-E2
Added Pin To Net: NetName=PROM_A15 Pin=U1-E4
Added Pin To Net: NetName=PROM_A13 Pin=U1-E5
Added Pin To Net: NetName=PROM_A1 Pin=U1-E6
Added Pin To Net: NetName=PROM_DATA7 Pin=U1-E7
Added Pin To Net: NetName=PROM_DATA1 Pin=U1-E8
Added Pin To Net: NetName=PROM_A22 Pin=U1-F1
Added Pin To Net: NetName=PROM_A24 Pin=U1-F2
Added Pin To Net: NetName=PROM_A19 Pin=U1-F4
Added Pin To Net: NetName=PROM_A17 Pin=U1-F5
Added Pin To Net: NetName=PROM_A23 Pin=U1-G4
Added Pin To Net: NetName=PROM_A21 Pin=U1-G5
Added Pin To Net: NetName=PROM_CEN1 Pin=U1-H1
Added Pin To Net: NetName=PROM_CEN0 Pin=U1-H2
Added Pin To Net: NetName=MEM_DQ1 Pin=U1-R2
Added Pin To Net: NetName=MEM_DQ3 Pin=U1-T1
Added Pin To Net: NetName=MEM_DQ5 Pin=U1-T2
Added Pin To Net: NetName=MEM_DQ2 Pin=U1-T3
Added Pin To Net: NetName=MEM_DQ4 Pin=U1-T4
Added Pin To Net: NetName=MEM_DQ0 Pin=U1-T5
Added Pin To Net: NetName=MEM_DQ7 Pin=U1-U1
Added Pin To Net: NetName=MEM_DQM1 Pin=U1-U2
Added Pin To Net: NetName=MEM_DQM0 Pin=U1-U4
Added Pin To Net: NetName=MEM_DQ6 Pin=U1-U5
Added Pin To Net: NetName=MEM_DQ9 Pin=U1-V1
Added Pin To Net: NetName=MEM_DQ11 Pin=U1-V2
Added Pin To Net: NetName=MEM_DQ10 Pin=U1-V4
Added Pin To Net: NetName=MEM_DQ8 Pin=U1-V5
Added Pin To Net: NetName=MEM_DQ15 Pin=U1-W1
Added Pin To Net: NetName=MEM_DQ13 Pin=U1-W2
Added Pin To Net: NetName=MEM_DQ14 Pin=U1-W4
Added Pin To Net: NetName=MEM_DQ12 Pin=U1-W5
Added Pin To Net: NetName=MEM_DQ19 Pin=U1-Y1
Added Pin To Net: NetName=MEM_DQ17 Pin=U1-Y2
Added Pin To Net: NetName=MEM_DQ20 Pin=U1-Y4
Added Pin To Net: NetName=MEM_DQ16 Pin=U1-Y5
Added Pin To Net: NetName=MEM_CLK_OUT Pin=U1-Y20
