Removed Pin From Net: NetName=ETH_RXCLK Pin=J14-1
Removed Pin From Net: NetName=ETH_RX0 Pin=J14-5
Removed Pin From Net: NetName=ETH_RX1 Pin=J14-7
Removed Pin From Net: NetName=ETH_RX2 Pin=J14-9
Removed Pin From Net: NetName=ETH_RX3 Pin=J14-11
Removed Pin From Net: NetName=ETH_RX4 Pin=J14-13
Removed Pin From Net: NetName=ETH_RX5 Pin=J14-15
Removed Pin From Net: NetName=ETH_RX6 Pin=J14-17
Removed Pin From Net: NetName=ETH_RX7 Pin=J14-19
Removed Pin From Net: NetName=ETH_RXDV Pin=J14-23
Removed Pin From Net: NetName=ETH_RXER Pin=J14-25
Removed Pin From Net: NetName=ETH_COL Pin=J14-27
Removed Pin From Net: NetName=ETH_CRS Pin=J14-29
Removed Pin From Net: NetName=ETH_TXCLK Pin=J14-33
Removed Pin From Net: NetName=ETH_TX0 Pin=J14-37
Removed Pin From Net: NetName=ETH_TX1 Pin=J14-39
Removed Pin From Net: NetName=ETH_TX2 Pin=J14-41
Removed Pin From Net: NetName=ETH_TX3 Pin=J14-43
Removed Pin From Net: NetName=ETH_TX4 Pin=J14-45
Removed Pin From Net: NetName=ETH_TX5 Pin=J14-47
Removed Pin From Net: NetName=ETH_TX6 Pin=J14-49
Removed Pin From Net: NetName=ETH_MDIO Pin=J14-51
Removed Pin From Net: NetName=ETH_TXEN Pin=J14-55
Removed Pin From Net: NetName=ETH_MDINT Pin=J14-57
Removed Pin From Net: NetName=ETH_MDC Pin=J14-59
Added Pin To Net: NetName=ETH_MDC Pin=J14-1
Added Pin To Net: NetName=ETH_MDINT Pin=J14-5
Added Pin To Net: NetName=ETH_CRS Pin=J14-7
Added Pin To Net: NetName=ETH_RXCLK Pin=J14-9
Added Pin To Net: NetName=ETH_RX0 Pin=J14-11
Added Pin To Net: NetName=ETH_COL Pin=J14-13
Added Pin To Net: NetName=ETH_MDIO Pin=J14-15
Added Pin To Net: NetName=ETH_RXDV Pin=J14-17
Added Pin To Net: NetName=ETH_RX1 Pin=J14-19
Added Pin To Net: NetName=ETH_RX7 Pin=J14-23
Added Pin To Net: NetName=ETH_RX3 Pin=J14-25
Added Pin To Net: NetName=ETH_RX5 Pin=J14-27
Added Pin To Net: NetName=ETH_RX2 Pin=J14-29
Added Pin To Net: NetName=ETH_RX6 Pin=J14-33
Added Pin To Net: NetName=ETH_RX4 Pin=J14-37
Added Pin To Net: NetName=ETH_RXER Pin=J14-39
Added Pin To Net: NetName=ETH_TXCLK Pin=J14-41
Added Pin To Net: NetName=ETH_TX0 Pin=J14-43
Added Pin To Net: NetName=ETH_TX2 Pin=J14-45
Added Pin To Net: NetName=ETH_TXEN Pin=J14-47
Added Pin To Net: NetName=ETH_TX1 Pin=J14-49
Added Pin To Net: NetName=ETH_TX3 Pin=J14-51
Added Pin To Net: NetName=ETH_TX4 Pin=J14-55
Added Pin To Net: NetName=ETH_TX6 Pin=J14-57
Added Pin To Net: NetName=ETH_TX5 Pin=J14-59
