Removed Pin From Net: NetName=UD_OBC_SEL0 Pin=D3-3
Removed Pin From Net: NetName=UD_OBC_SEL1 Pin=D3-4
Removed Pin From Net: NetName=UD_OBC_SEL2 Pin=D3-6
Removed Pin From Net: NetName=PG_P3V3 Pin=D8-1
Removed Pin From Net: NetName=PG_P3V3 Pin=IC31-57
Removed Pin From Net: NetName=ETH_TX7 Pin=J14-51
Removed Pin From Net: NetName=ETH_TXER Pin=J14-57
Removed Pin From Net: NetName=ETH_MDIO Pin=J14-61
Removed Pin From Net: NetName=ETH_MDINT Pin=J14-63
Removed Pin From Net: NetName=UD_OBC_SEL0 Pin=P2-G1
Removed Pin From Net: NetName=UD_OBC_SEL1 Pin=P2-G3
Removed Pin From Net: NetName=UD_OBC_SEL2 Pin=P2-G5
Removed Pin From Net: NetName=P3V3MP Pin=R177-2
Removed Pin From Net: NetName=P3V3MP Pin=R185-2
Removed Pin From Net: NetName=P3V3MP Pin=R216-2
Removed Pin From Net: NetName=P2V5 Pin=R243-2
Removed Pin From Net: NetName=PG_P3V3 Pin=R244-1
Removed Pin From Net: NetName=PVIN Pin=R244-2
Removed Pin From Net: NetName=EN_P3V3 Pin=R245-2
Removed Pin From Net: NetName=VUSB_PRESENT Pin=T3-1
Removed Pin From Net: NetName=GND Pin=T3-2
Removed Member From Class: ClassName=U_PWR_3V3 Member=D8
Removed Member From Class: ClassName=U_USB_JTAG Member=R243
Removed Member From Class: ClassName=U_PWR_3V3 Member=R244
Removed Member From Class: ClassName=U_PWR_3V3 Member=R245
Removed Member From Class: ClassName=U_PWR_3V3 Member=R246
Removed Member From Class: ClassName=U_USB_JTAG Member=T3
Removed Member From Class: ClassName=HSDIFF Member=REF_CLK_N
Removed Member From Class: ClassName=HSDIFF Member=REF_CLK_P
Change Component Comment : Designator=R245 Old Comment=0 New Comment=10k
Change Component Comment : Designator=R246 Old Comment=0 New Comment=10k
Change Component Comment : Designator=R243 Old Comment=10k New Comment=100k
Change Component Comment : Designator=R244 Old Comment=68k New Comment=36k
Change component parameters: Designator = "R243"; Footprint = "RESC1005X40N"; UniqueID = "\FWMEKQHK\QQEASDRG"
Change component parameters. Clean all parameters for all variants
Change component parameters (AddParameter): Name = "Author"; Value = "CERN DEM JLC"; VariantName = "[No Variations]"
Change component parameters (AddParameter): Name = "Case"; Value = "0402"; VariantName = "[No Variations]"
Change component parameters (AddParameter): Name = "Component Type"; Value = "Standard"; VariantName = "[No Variations]"
Change component parameters (AddParameter): Name = "CreateDate"; Value = "03.12.2007"; VariantName = "[No Variations]"
Change component parameters (AddParameter): Name = "HelpURL"; Value = "\\cern.ch\dfs\Applications\Altium\Datasheets\R0402_Phycomp_RC0402.pdf"; VariantName = "[No Variations]"
Change component parameters (AddParameter): Name = "LatestRevisionDate"; Value = "17.10.2012"; VariantName = "[No Variations]"
Change component parameters (AddParameter): Name = "Manufacturer"; Value = "GENERIC"; VariantName = "[No Variations]"
Change component parameters (AddParameter): Name = "Manufacturer1 ComponentHeight"; Value = "0.4mm"; VariantName = "[No Variations]"
Change component parameters (AddParameter): Name = "Manufacturer1 Example"; Value = "YAGEO PHYCOMP"; VariantName = "[No Variations]"
Change component parameters (AddParameter): Name = "Manufacturer1 Part Number"; Value = "232270671004L"; VariantName = "[No Variations]"
Change component parameters (AddParameter): Name = "Manufacturer Part Number"; Value = "R0402_100K_1%_0.0625W_100PPM"; VariantName = "[No Variations]"
Change component parameters (AddParameter): Name = "Mounted"; Value = "Yes"; VariantName = "[No Variations]"
Change component parameters (AddParameter): Name = "Part Description"; Value = "General Purpose Thick Film Chip Resistor"; VariantName = "[No Variations]"
Change component parameters (AddParameter): Name = "Part Number"; Value = "R0402_100K_1%_0.0625W_100PPM"; VariantName = "[No Variations]"
Change component parameters (AddParameter): Name = "Pin Count"; Value = "2"; VariantName = "[No Variations]"
Change component parameters (AddParameter): Name = "Power"; Value = "0.0625W"; VariantName = "[No Variations]"
Change component parameters (AddParameter): Name = "PressFit"; Value = "No"; VariantName = "[No Variations]"
Change component parameters (AddParameter): Name = "Sense"; Value = "No"; VariantName = "[No Variations]"
Change component parameters (AddParameter): Name = "SMD"; Value = "Yes"; VariantName = "[No Variations]"
Change component parameters (AddParameter): Name = "Socket"; Value = "No"; VariantName = "[No Variations]"
Change component parameters (AddParameter): Name = "Status"; Value = "Not Recommended"; VariantName = "[No Variations]"
Change component parameters (AddParameter): Name = "TC"; Value = "±100ppm/°C"; VariantName = "[No Variations]"
Change component parameters (AddParameter): Name = "Tolerance"; Value = "±1%"; VariantName = "[No Variations]"
Change component parameters (AddParameter): Name = "Value"; Value = "100k"; VariantName = "[No Variations]"
Change component parameters: Designator = "R244"; Footprint = "RESC1005X40N"; UniqueID = "\FWMEKQHK\OXAEPONK"
Change component parameters. Clean all parameters for all variants
Change component parameters (AddParameter): Name = "Author"; Value = "CERN DEM JLC"; VariantName = "[No Variations]"
Change component parameters (AddParameter): Name = "Case"; Value = "0402"; VariantName = "[No Variations]"
Change component parameters (AddParameter): Name = "Component Type"; Value = "Standard"; VariantName = "[No Variations]"
Change component parameters (AddParameter): Name = "CreateDate"; Value = "03.12.2007"; VariantName = "[No Variations]"
Change component parameters (AddParameter): Name = "HelpURL"; Value = "\\cern.ch\dfs\Applications\Altium\Datasheets\R0402_Phycomp_RC0402.pdf"; VariantName = "[No Variations]"
Change component parameters (AddParameter): Name = "LatestRevisionDate"; Value = "17.10.2012"; VariantName = "[No Variations]"
Change component parameters (AddParameter): Name = "Manufacturer"; Value = "GENERIC"; VariantName = "[No Variations]"
Change component parameters (AddParameter): Name = "Manufacturer1 ComponentHeight"; Value = "0.4mm"; VariantName = "[No Variations]"
Change component parameters (AddParameter): Name = "Manufacturer1 Example"; Value = "YAGEO PHYCOMP"; VariantName = "[No Variations]"
Change component parameters (AddParameter): Name = "Manufacturer1 Part Number"; Value = "232270673603L"; VariantName = "[No Variations]"
Change component parameters (AddParameter): Name = "Manufacturer Part Number"; Value = "R0402_36K_1%_0.0625W_100PPM"; VariantName = "[No Variations]"
Change component parameters (AddParameter): Name = "Mounted"; Value = "Yes"; VariantName = "[No Variations]"
Change component parameters (AddParameter): Name = "Part Description"; Value = "General Purpose Thick Film Chip Resistor"; VariantName = "[No Variations]"
Change component parameters (AddParameter): Name = "Part Number"; Value = "R0402_36K_1%_0.0625W_100PPM"; VariantName = "[No Variations]"
Change component parameters (AddParameter): Name = "Pin Count"; Value = "2"; VariantName = "[No Variations]"
Change component parameters (AddParameter): Name = "Power"; Value = "0.0625W"; VariantName = "[No Variations]"
Change component parameters (AddParameter): Name = "PressFit"; Value = "No"; VariantName = "[No Variations]"
Change component parameters (AddParameter): Name = "Sense"; Value = "No"; VariantName = "[No Variations]"
Change component parameters (AddParameter): Name = "SMD"; Value = "Yes"; VariantName = "[No Variations]"
Change component parameters (AddParameter): Name = "Socket"; Value = "No"; VariantName = "[No Variations]"
Change component parameters (AddParameter): Name = "Status"; Value = "Not Recommended"; VariantName = "[No Variations]"
Change component parameters (AddParameter): Name = "TC"; Value = "±100ppm/°C"; VariantName = "[No Variations]"
Change component parameters (AddParameter): Name = "Tolerance"; Value = "±1%"; VariantName = "[No Variations]"
Change component parameters (AddParameter): Name = "Value"; Value = "36k"; VariantName = "[No Variations]"
Change component parameters: Designator = "R245"; Footprint = "RESC1005X40N"; UniqueID = "\PCGUCNZB\KOZYXUPW"
Change component parameters. Clean all parameters for all variants
Change component parameters (AddParameter): Name = "Author"; Value = "CERN DEM JLC"; VariantName = "[No Variations]"
Change component parameters (AddParameter): Name = "Case"; Value = "0402"; VariantName = "[No Variations]"
Change component parameters (AddParameter): Name = "Component Type"; Value = "Standard"; VariantName = "[No Variations]"
Change component parameters (AddParameter): Name = "CreateDate"; Value = "03/12/2007"; VariantName = "[No Variations]"
Change component parameters (AddParameter): Name = "HelpURL"; Value = "\\cern.ch\dfs\Applications\Altium\Datasheets\R0402_Phycomp_RC0402.pdf"; VariantName = "[No Variations]"
Change component parameters (AddParameter): Name = "LatestRevisionDate"; Value = "17/10/2012"; VariantName = "[No Variations]"
Change component parameters (AddParameter): Name = "Manufacturer"; Value = "GENERIC"; VariantName = "[No Variations]"
Change component parameters (AddParameter): Name = "Manufacturer1 ComponentHeight"; Value = "0.4mm"; VariantName = "[No Variations]"
Change component parameters (AddParameter): Name = "Manufacturer1 Example"; Value = "YAGEO PHYCOMP"; VariantName = "[No Variations]"
Change component parameters (AddParameter): Name = "Manufacturer1 Part Number"; Value = "232270671003L"; VariantName = "[No Variations]"
Change component parameters (AddParameter): Name = "Manufacturer Part Number"; Value = "R0402_10K_1%_0.0625W_100PPM"; VariantName = "[No Variations]"
Change component parameters (AddParameter): Name = "Mounted"; Value = "Yes"; VariantName = "[No Variations]"
Change component parameters (AddParameter): Name = "Part Description"; Value = "General Purpose Thick Film Chip Resistor"; VariantName = "[No Variations]"
Change component parameters (AddParameter): Name = "Part Number"; Value = "R0402_10K_1%_0.0625W_100PPM"; VariantName = "[No Variations]"
Change component parameters (AddParameter): Name = "Pin Count"; Value = "2"; VariantName = "[No Variations]"
Change component parameters (AddParameter): Name = "Power"; Value = "0.0625W"; VariantName = "[No Variations]"
Change component parameters (AddParameter): Name = "PressFit"; Value = "No"; VariantName = "[No Variations]"
Change component parameters (AddParameter): Name = "Sense"; Value = "No"; VariantName = "[No Variations]"
Change component parameters (AddParameter): Name = "SMD"; Value = "Yes"; VariantName = "[No Variations]"
Change component parameters (AddParameter): Name = "Socket"; Value = "No"; VariantName = "[No Variations]"
Change component parameters (AddParameter): Name = "Status"; Value = "Not Recommended"; VariantName = "[No Variations]"
Change component parameters (AddParameter): Name = "TC"; Value = "±100ppm/°C"; VariantName = "[No Variations]"
Change component parameters (AddParameter): Name = "Tolerance"; Value = "±1%"; VariantName = "[No Variations]"
Change component parameters (AddParameter): Name = "Value"; Value = "10k"; VariantName = "[No Variations]"
Change component parameters: Designator = "R246"; Footprint = "RESC1005X40N"; UniqueID = "\PCGUCNZB\CKTRHHBC"
Change component parameters. Clean all parameters for all variants
Change component parameters (AddParameter): Name = "Author"; Value = "CERN DEM JLC"; VariantName = "[No Variations]"
Change component parameters (AddParameter): Name = "Case"; Value = "0402"; VariantName = "[No Variations]"
Change component parameters (AddParameter): Name = "Component Type"; Value = "Standard"; VariantName = "[No Variations]"
Change component parameters (AddParameter): Name = "CreateDate"; Value = "03/12/2007"; VariantName = "[No Variations]"
Change component parameters (AddParameter): Name = "HelpURL"; Value = "\\cern.ch\dfs\Applications\Altium\Datasheets\R0402_Phycomp_RC0402.pdf"; VariantName = "[No Variations]"
Change component parameters (AddParameter): Name = "LatestRevisionDate"; Value = "17/10/2012"; VariantName = "[No Variations]"
Change component parameters (AddParameter): Name = "Manufacturer"; Value = "GENERIC"; VariantName = "[No Variations]"
Change component parameters (AddParameter): Name = "Manufacturer1 ComponentHeight"; Value = "0.4mm"; VariantName = "[No Variations]"
Change component parameters (AddParameter): Name = "Manufacturer1 Example"; Value = "YAGEO PHYCOMP"; VariantName = "[No Variations]"
Change component parameters (AddParameter): Name = "Manufacturer1 Part Number"; Value = "232270671003L"; VariantName = "[No Variations]"
Change component parameters (AddParameter): Name = "Manufacturer Part Number"; Value = "R0402_10K_1%_0.0625W_100PPM"; VariantName = "[No Variations]"
Change component parameters (AddParameter): Name = "Mounted"; Value = "Yes"; VariantName = "[No Variations]"
Change component parameters (AddParameter): Name = "Part Description"; Value = "General Purpose Thick Film Chip Resistor"; VariantName = "[No Variations]"
Change component parameters (AddParameter): Name = "Part Number"; Value = "R0402_10K_1%_0.0625W_100PPM"; VariantName = "[No Variations]"
Change component parameters (AddParameter): Name = "Pin Count"; Value = "2"; VariantName = "[No Variations]"
Change component parameters (AddParameter): Name = "Power"; Value = "0.0625W"; VariantName = "[No Variations]"
Change component parameters (AddParameter): Name = "PressFit"; Value = "No"; VariantName = "[No Variations]"
Change component parameters (AddParameter): Name = "Sense"; Value = "No"; VariantName = "[No Variations]"
Change component parameters (AddParameter): Name = "SMD"; Value = "Yes"; VariantName = "[No Variations]"
Change component parameters (AddParameter): Name = "Socket"; Value = "No"; VariantName = "[No Variations]"
Change component parameters (AddParameter): Name = "Status"; Value = "Not Recommended"; VariantName = "[No Variations]"
Change component parameters (AddParameter): Name = "TC"; Value = "±100ppm/°C"; VariantName = "[No Variations]"
Change component parameters (AddParameter): Name = "Tolerance"; Value = "±1%"; VariantName = "[No Variations]"
Change component parameters (AddParameter): Name = "Value"; Value = "10k"; VariantName = "[No Variations]"
Added Component: Designator=C276(CAPC1608X80N)
Add component. Clean all parameters for all variants
Add component (AddParameter): Name = "Author"; Value = "CERN DEM MR"; VariantName = "[No Variations]"
Add component (AddParameter): Name = "Case"; Value = "0603"; VariantName = "[No Variations]"
Add component (AddParameter): Name = "Component Type"; Value = "Standard"; VariantName = "[No Variations]"
Add component (AddParameter): Name = "CreateDate"; Value = "2016-03-02"; VariantName = "[No Variations]"
Add component (AddParameter): Name = "HelpURL"; Value = "\\cern.ch\dfs\Applications\Altium\Datasheets\CC0603_X5R_MURATA_GRM.pdf"; VariantName = "[No Variations]"
Add component (AddParameter): Name = "LatestRevisionDate"; Value = "2016-03-02"; VariantName = "[No Variations]"
Add component (AddParameter): Name = "Manufacturer"; Value = "GENERIC"; VariantName = "[No Variations]"
Add component (AddParameter): Name = "Manufacturer1 ComponentHeight"; Value = "0.8mm"; VariantName = "[No Variations]"
Add component (AddParameter): Name = "Manufacturer1 Example"; Value = "MURATA"; VariantName = "[No Variations]"
Add component (AddParameter): Name = "Manufacturer1 Part Number"; Value = "GRM188R61C106MA73D"; VariantName = "[No Variations]"
Add component (AddParameter): Name = "Manufacturer Part Number"; Value = "CC0603_10UF_16V_20%_X5R"; VariantName = "[No Variations]"
Add component (AddParameter): Name = "Mounted"; Value = "Yes"; VariantName = "[No Variations]"
Add component (AddParameter): Name = "Part Description"; Value = "SMD Multilayer Chip Ceramic Capacitor"; VariantName = "[No Variations]"
Add component (AddParameter): Name = "Part Number"; Value = "CC0603_10UF_16V_20%_X5R"; VariantName = "[No Variations]"
Add component (AddParameter): Name = "Pin Count"; Value = "2"; VariantName = "[No Variations]"
Add component (AddParameter): Name = "Sense"; Value = "No"; VariantName = "[No Variations]"
Add component (AddParameter): Name = "SMD"; Value = "Yes"; VariantName = "[No Variations]"
Add component (AddParameter): Name = "Socket"; Value = "No"; VariantName = "[No Variations]"
Add component (AddParameter): Name = "Status"; Value = "None"; VariantName = "[No Variations]"
Add component (AddParameter): Name = "TC"; Value = "X5R"; VariantName = "[No Variations]"
Add component (AddParameter): Name = "Tolerance"; Value = "±20%"; VariantName = "[No Variations]"
Add component (AddParameter): Name = "Value"; Value = "10uF"; VariantName = "[No Variations]"
Add component (AddParameter): Name = "Voltage"; Value = "16V"; VariantName = "[No Variations]"
Added Component: Designator=C277(CAPC1005X55N)
Add component. Clean all parameters for all variants
Add component (AddParameter): Name = "Author"; Value = "CERN DEM JLC"; VariantName = "[No Variations]"
Add component (AddParameter): Name = "Case"; Value = "0402"; VariantName = "[No Variations]"
Add component (AddParameter): Name = "ComponentHeight"; Value = "0.55mm"; VariantName = "[No Variations]"
Add component (AddParameter): Name = "Component Type"; Value = "Standard"; VariantName = "[No Variations]"
Add component (AddParameter): Name = "CreateDate"; Value = "10.05.2017"; VariantName = "[No Variations]"
Add component (AddParameter): Name = "HelpURL"; Value = "\\cern.ch\dfs\Applications\Altium\Datasheets\CC0402_TAIYO-YUDEN_TMK105B7104KVHF.pdf"; VariantName = "[No Variations]"
Add component (AddParameter): Name = "LatestRevisionDate"; Value = "10.05.2017"; VariantName = "[No Variations]"
Add component (AddParameter): Name = "Manufacturer"; Value = "TAIYO YUDEN"; VariantName = "[No Variations]"
Add component (AddParameter): Name = "Manufacturer Part Number"; Value = "TMK105B7104KVHF"; VariantName = "[No Variations]"
Add component (AddParameter): Name = "Mounted"; Value = "Yes"; VariantName = "[No Variations]"
Add component (AddParameter): Name = "Part Description"; Value = "SMD Multilayer Chip Ceramic Capacitor (High Dielectric Type) for Automotive / Industrial Applications"; VariantName = "[No Variations]"
Add component (AddParameter): Name = "Part Number"; Value = "CC0402_100NF_25V_10%_X7R_YUDEN_TMK105B7104KVHF"; VariantName = "[No Variations]"
Add component (AddParameter): Name = "Pin Count"; Value = "2"; VariantName = "[No Variations]"
Add component (AddParameter): Name = "Sense"; Value = "No"; VariantName = "[No Variations]"
Add component (AddParameter): Name = "SMD"; Value = "Yes"; VariantName = "[No Variations]"
Add component (AddParameter): Name = "Socket"; Value = "No"; VariantName = "[No Variations]"
Add component (AddParameter): Name = "Status"; Value = "Not Recommended"; VariantName = "[No Variations]"
Add component (AddParameter): Name = "TC"; Value = "X7R"; VariantName = "[No Variations]"
Add component (AddParameter): Name = "Tolerance"; Value = "±10%"; VariantName = "[No Variations]"
Add component (AddParameter): Name = "Value"; Value = "100nF"; VariantName = "[No Variations]"
Add component (AddParameter): Name = "Voltage"; Value = "25V"; VariantName = "[No Variations]"
Added Component: Designator=C278(CAPC1005X55N)
Add component. Clean all parameters for all variants
Add component (AddParameter): Name = "Author"; Value = "CERN DEM JLC"; VariantName = "[No Variations]"
Add component (AddParameter): Name = "Case"; Value = "0402"; VariantName = "[No Variations]"
Add component (AddParameter): Name = "ComponentHeight"; Value = "0.55mm"; VariantName = "[No Variations]"
Add component (AddParameter): Name = "Component Type"; Value = "Standard"; VariantName = "[No Variations]"
Add component (AddParameter): Name = "CreateDate"; Value = "10.05.2017"; VariantName = "[No Variations]"
Add component (AddParameter): Name = "HelpURL"; Value = "\\cern.ch\dfs\Applications\Altium\Datasheets\CC0402_TAIYO-YUDEN_TMK105B7104KVHF.pdf"; VariantName = "[No Variations]"
Add component (AddParameter): Name = "LatestRevisionDate"; Value = "10.05.2017"; VariantName = "[No Variations]"
Add component (AddParameter): Name = "Manufacturer"; Value = "TAIYO YUDEN"; VariantName = "[No Variations]"
Add component (AddParameter): Name = "Manufacturer Part Number"; Value = "TMK105B7104KVHF"; VariantName = "[No Variations]"
Add component (AddParameter): Name = "Mounted"; Value = "Yes"; VariantName = "[No Variations]"
Add component (AddParameter): Name = "Part Description"; Value = "SMD Multilayer Chip Ceramic Capacitor (High Dielectric Type) for Automotive / Industrial Applications"; VariantName = "[No Variations]"
Add component (AddParameter): Name = "Part Number"; Value = "CC0402_100NF_25V_10%_X7R_YUDEN_TMK105B7104KVHF"; VariantName = "[No Variations]"
Add component (AddParameter): Name = "Pin Count"; Value = "2"; VariantName = "[No Variations]"
Add component (AddParameter): Name = "Sense"; Value = "No"; VariantName = "[No Variations]"
Add component (AddParameter): Name = "SMD"; Value = "Yes"; VariantName = "[No Variations]"
Add component (AddParameter): Name = "Socket"; Value = "No"; VariantName = "[No Variations]"
Add component (AddParameter): Name = "Status"; Value = "Not Recommended"; VariantName = "[No Variations]"
Add component (AddParameter): Name = "TC"; Value = "X7R"; VariantName = "[No Variations]"
Add component (AddParameter): Name = "Tolerance"; Value = "±10%"; VariantName = "[No Variations]"
Add component (AddParameter): Name = "Value"; Value = "100nF"; VariantName = "[No Variations]"
Add component (AddParameter): Name = "Voltage"; Value = "25V"; VariantName = "[No Variations]"
Added Component: Designator=D17(SOD2512X110N)
Add component. Clean all parameters for all variants
Add component (AddParameter): Name = "Author"; Value = "CERN DEM JLC"; VariantName = "[No Variations]"
Add component (AddParameter): Name = "Bonding"; Value = "No"; VariantName = "[No Variations]"
Add component (AddParameter): Name = "Case"; Value = "SOD323"; VariantName = "[No Variations]"
Add component (AddParameter): Name = "ComponentHeight"; Value = "1.1mm"; VariantName = "[No Variations]"
Add component (AddParameter): Name = "Component Type"; Value = "Standard"; VariantName = "[No Variations]"
Add component (AddParameter): Name = "CreateDate"; Value = "12.11.2014"; VariantName = "[No Variations]"
Add component (AddParameter): Name = "Device"; Value = "BAT165"; VariantName = "[No Variations]"
Add component (AddParameter): Name = "HelpURL"; Value = "\\cern.ch\dfs\Applications\Altium\Datasheets\BAT165.pdf"; VariantName = "[No Variations]"
Add component (AddParameter): Name = "LatestRevisionDate"; Value = "12.11.2014"; VariantName = "[No Variations]"
Add component (AddParameter): Name = "Manufacturer"; Value = "INFINEON"; VariantName = "[No Variations]"
Add component (AddParameter): Name = "Manufacturer Part Number"; Value = "BAT165"; VariantName = "[No Variations]"
Add component (AddParameter): Name = "Mounted"; Value = "Yes"; VariantName = "[No Variations]"
Add component (AddParameter): Name = "PackageDescription"; Value = "Small Outline Diode (SOD-323), 1.70mm W X 1.25mm L X 1.10mm H body,  IPC Medium Density"; VariantName = "[No Variations]"
Add component (AddParameter): Name = "Part Description"; Value = "Medium Power AF Schottky Diode"; VariantName = "[No Variations]"
Add component (AddParameter): Name = "Part Number"; Value = "BAT165"; VariantName = "[No Variations]"
Add component (AddParameter): Name = "Pin Count"; Value = "2"; VariantName = "[No Variations]"
Add component (AddParameter): Name = "Power"; Value = "750mA"; VariantName = "[No Variations]"
Add component (AddParameter): Name = "PressFit"; Value = "No"; VariantName = "[No Variations]"
Add component (AddParameter): Name = "Sense"; Value = "No"; VariantName = "[No Variations]"
Add component (AddParameter): Name = "SMD"; Value = "Yes"; VariantName = "[No Variations]"
Add component (AddParameter): Name = "Socket"; Value = "No"; VariantName = "[No Variations]"
Add component (AddParameter): Name = "Voltage"; Value = "40V"; VariantName = "[No Variations]"
Added Component: Designator=D18(SOD2512X110N)
Add component. Clean all parameters for all variants
Add component (AddParameter): Name = "Author"; Value = "CERN DEM JLC"; VariantName = "[No Variations]"
Add component (AddParameter): Name = "Bonding"; Value = "No"; VariantName = "[No Variations]"
Add component (AddParameter): Name = "Case"; Value = "SOD323"; VariantName = "[No Variations]"
Add component (AddParameter): Name = "ComponentHeight"; Value = "1.1mm"; VariantName = "[No Variations]"
Add component (AddParameter): Name = "Component Type"; Value = "Standard"; VariantName = "[No Variations]"
Add component (AddParameter): Name = "CreateDate"; Value = "2014-11-12"; VariantName = "[No Variations]"
Add component (AddParameter): Name = "Device"; Value = "BAT165"; VariantName = "[No Variations]"
Add component (AddParameter): Name = "HelpURL"; Value = "\\cern.ch\dfs\Applications\Altium\Datasheets\BAT165.pdf"; VariantName = "[No Variations]"
Add component (AddParameter): Name = "LatestRevisionDate"; Value = "2014-11-12"; VariantName = "[No Variations]"
Add component (AddParameter): Name = "Manufacturer"; Value = "INFINEON"; VariantName = "[No Variations]"
Add component (AddParameter): Name = "Manufacturer Part Number"; Value = "BAT165"; VariantName = "[No Variations]"
Add component (AddParameter): Name = "Mounted"; Value = "Yes"; VariantName = "[No Variations]"
Add component (AddParameter): Name = "PackageDescription"; Value = "Small Outline Diode Flat Lead (SOD-323), 1.70mm W X 1.25mm L X 1.10mm H body,  IPC Medium Density"; VariantName = "[No Variations]"
Add component (AddParameter): Name = "Part Description"; Value = "Medium Power AF Schottky Diode"; VariantName = "[No Variations]"
Add component (AddParameter): Name = "Part Number"; Value = "BAT165"; VariantName = "[No Variations]"
Add component (AddParameter): Name = "Pin Count"; Value = "2"; VariantName = "[No Variations]"
Add component (AddParameter): Name = "Power"; Value = "750mA"; VariantName = "[No Variations]"
Add component (AddParameter): Name = "PressFit"; Value = "No"; VariantName = "[No Variations]"
Add component (AddParameter): Name = "Sense"; Value = "No"; VariantName = "[No Variations]"
Add component (AddParameter): Name = "SMD"; Value = "Yes"; VariantName = "[No Variations]"
Add component (AddParameter): Name = "Socket"; Value = "No"; VariantName = "[No Variations]"
Add component (AddParameter): Name = "Voltage"; Value = "40V"; VariantName = "[No Variations]"
Added Component: Designator=D19(SOD2512X110N)
Add component. Clean all parameters for all variants
Add component (AddParameter): Name = "Author"; Value = "CERN DEM JLC"; VariantName = "[No Variations]"
Add component (AddParameter): Name = "Bonding"; Value = "No"; VariantName = "[No Variations]"
Add component (AddParameter): Name = "Case"; Value = "SOD323"; VariantName = "[No Variations]"
Add component (AddParameter): Name = "ComponentHeight"; Value = "1.1mm"; VariantName = "[No Variations]"
Add component (AddParameter): Name = "Component Type"; Value = "Standard"; VariantName = "[No Variations]"
Add component (AddParameter): Name = "CreateDate"; Value = "2014-11-12"; VariantName = "[No Variations]"
Add component (AddParameter): Name = "Device"; Value = "BAT165"; VariantName = "[No Variations]"
Add component (AddParameter): Name = "HelpURL"; Value = "\\cern.ch\dfs\Applications\Altium\Datasheets\BAT165.pdf"; VariantName = "[No Variations]"
Add component (AddParameter): Name = "LatestRevisionDate"; Value = "2014-11-12"; VariantName = "[No Variations]"
Add component (AddParameter): Name = "Manufacturer"; Value = "INFINEON"; VariantName = "[No Variations]"
Add component (AddParameter): Name = "Manufacturer Part Number"; Value = "BAT165"; VariantName = "[No Variations]"
Add component (AddParameter): Name = "Mounted"; Value = "Yes"; VariantName = "[No Variations]"
Add component (AddParameter): Name = "PackageDescription"; Value = "Small Outline Diode Flat Lead (SOD-323), 1.70mm W X 1.25mm L X 1.10mm H body,  IPC Medium Density"; VariantName = "[No Variations]"
Add component (AddParameter): Name = "Part Description"; Value = "Medium Power AF Schottky Diode"; VariantName = "[No Variations]"
Add component (AddParameter): Name = "Part Number"; Value = "BAT165"; VariantName = "[No Variations]"
Add component (AddParameter): Name = "Pin Count"; Value = "2"; VariantName = "[No Variations]"
Add component (AddParameter): Name = "Power"; Value = "750mA"; VariantName = "[No Variations]"
Add component (AddParameter): Name = "PressFit"; Value = "No"; VariantName = "[No Variations]"
Add component (AddParameter): Name = "Sense"; Value = "No"; VariantName = "[No Variations]"
Add component (AddParameter): Name = "SMD"; Value = "Yes"; VariantName = "[No Variations]"
Add component (AddParameter): Name = "Socket"; Value = "No"; VariantName = "[No Variations]"
Add component (AddParameter): Name = "Voltage"; Value = "40V"; VariantName = "[No Variations]"
Added Component: Designator=OSC1(OSC_SILICON-LAB_SI531)
Add component. Clean all parameters for all variants
Add component (AddParameter): Name = "Author"; Value = "CERN DEM MR"; VariantName = "[No Variations]"
Add component (AddParameter): Name = "Bonding"; Value = "No"; VariantName = "[No Variations]"
Add component (AddParameter): Name = "ComponentHeight"; Value = "1.8mm"; VariantName = "[No Variations]"
Add component (AddParameter): Name = "Component Type"; Value = "Standard"; VariantName = "[No Variations]"
Add component (AddParameter): Name = "CreateDate"; Value = "2017-06-30"; VariantName = "[No Variations]"
Add component (AddParameter): Name = "HelpURL"; Value = "\\cern.ch\dfs\Applications\Altium\Datasheets\OSC_SILICON-LAB_SI531.pdf"; VariantName = "[No Variations]"
Add component (AddParameter): Name = "LatestRevisionDate"; Value = "2017-06-30"; VariantName = "[No Variations]"
Add component (AddParameter): Name = "Manufacturer"; Value = "SILICON LABS"; VariantName = "[No Variations]"
Add component (AddParameter): Name = "Manufacturer Part Number"; Value = "531BC100M000DG"; VariantName = "[No Variations]"
Add component (AddParameter): Name = "Mounted"; Value = "Yes"; VariantName = "[No Variations]"
Add component (AddParameter): Name = "PackageDescription"; Value = "Oscillator Si531 Series, 6 pins, 5x7mm"; VariantName = "[No Variations]"
Add component (AddParameter): Name = "Part Description"; Value = "3.3V ±20ppm LVDS Crystal Oscillator (XO), Si531 Series"; VariantName = "[No Variations]"
Add component (AddParameter): Name = "Part Number"; Value = "OSC_100MHZ_SILICON-LAB_531BC100M000DG"; VariantName = "[No Variations]"
Add component (AddParameter): Name = "Pin Count"; Value = "6"; VariantName = "[No Variations]"
Add component (AddParameter): Name = "PressFit"; Value = "No"; VariantName = "[No Variations]"
Add component (AddParameter): Name = "Sense"; Value = "No"; VariantName = "[No Variations]"
Add component (AddParameter): Name = "SMD"; Value = "Yes"; VariantName = "[No Variations]"
Add component (AddParameter): Name = "Socket"; Value = "No"; VariantName = "[No Variations]"
Add component (AddParameter): Name = "Value"; Value = "100MHz"; VariantName = "[No Variations]"
Added Component: Designator=OSC2(OSC_SILICON-LAB_SI531)
Add component. Clean all parameters for all variants
Add component (AddParameter): Name = "Author"; Value = "CERN DEM MR"; VariantName = "[No Variations]"
Add component (AddParameter): Name = "Bonding"; Value = "No"; VariantName = "[No Variations]"
Add component (AddParameter): Name = "ComponentHeight"; Value = "1.8mm"; VariantName = "[No Variations]"
Add component (AddParameter): Name = "Component Type"; Value = "Standard"; VariantName = "[No Variations]"
Add component (AddParameter): Name = "CreateDate"; Value = "2017-06-30"; VariantName = "[No Variations]"
Add component (AddParameter): Name = "HelpURL"; Value = "\\cern.ch\dfs\Applications\Altium\Datasheets\OSC_SILICON-LAB_SI531.pdf"; VariantName = "[No Variations]"
Add component (AddParameter): Name = "LatestRevisionDate"; Value = "2017-06-30"; VariantName = "[No Variations]"
Add component (AddParameter): Name = "Manufacturer"; Value = "SILICON LABS"; VariantName = "[No Variations]"
Add component (AddParameter): Name = "Manufacturer Part Number"; Value = "531BC100M000DG"; VariantName = "[No Variations]"
Add component (AddParameter): Name = "Mounted"; Value = "Yes"; VariantName = "[No Variations]"
Add component (AddParameter): Name = "PackageDescription"; Value = "Oscillator Si531 Series, 6 pins, 5x7mm"; VariantName = "[No Variations]"
Add component (AddParameter): Name = "Part Description"; Value = "3.3V ±20ppm LVDS Crystal Oscillator (XO), Si531 Series"; VariantName = "[No Variations]"
Add component (AddParameter): Name = "Part Number"; Value = "OSC_100MHZ_SILICON-LAB_531BC100M000DG"; VariantName = "[No Variations]"
Add component (AddParameter): Name = "Pin Count"; Value = "6"; VariantName = "[No Variations]"
Add component (AddParameter): Name = "PressFit"; Value = "No"; VariantName = "[No Variations]"
Add component (AddParameter): Name = "Sense"; Value = "No"; VariantName = "[No Variations]"
Add component (AddParameter): Name = "SMD"; Value = "Yes"; VariantName = "[No Variations]"
Add component (AddParameter): Name = "Socket"; Value = "No"; VariantName = "[No Variations]"
Add component (AddParameter): Name = "Value"; Value = "100MHz"; VariantName = "[No Variations]"
Added Component: Designator=R284(RESC1005X40N)
Add component. Clean all parameters for all variants
Add component (AddParameter): Name = "Author"; Value = "CERN DEM JLC"; VariantName = "[No Variations]"
Add component (AddParameter): Name = "Case"; Value = "0402"; VariantName = "[No Variations]"
Add component (AddParameter): Name = "Component Type"; Value = "Standard"; VariantName = "[No Variations]"
Add component (AddParameter): Name = "CreateDate"; Value = "03.12.2007"; VariantName = "[No Variations]"
Add component (AddParameter): Name = "HelpURL"; Value = "\\cern.ch\dfs\Applications\Altium\Datasheets\R0402_Phycomp_RC0402.pdf"; VariantName = "[No Variations]"
Add component (AddParameter): Name = "LatestRevisionDate"; Value = "17.10.2012"; VariantName = "[No Variations]"
Add component (AddParameter): Name = "Manufacturer"; Value = "GENERIC"; VariantName = "[No Variations]"
Add component (AddParameter): Name = "Manufacturer1 ComponentHeight"; Value = "0.4mm"; VariantName = "[No Variations]"
Add component (AddParameter): Name = "Manufacturer1 Example"; Value = "YAGEO PHYCOMP"; VariantName = "[No Variations]"
Add component (AddParameter): Name = "Manufacturer1 Part Number"; Value = "232270591001L"; VariantName = "[No Variations]"
Add component (AddParameter): Name = "Manufacturer Part Number"; Value = "R0402_0R_JUMPER"; VariantName = "[No Variations]"
Add component (AddParameter): Name = "Mounted"; Value = "Yes"; VariantName = "[No Variations]"
Add component (AddParameter): Name = "Part Description"; Value = "1A (0.05R Max DC Resistance) Zero Ohm Jumper"; VariantName = "[No Variations]"
Add component (AddParameter): Name = "Part Number"; Value = "R0402_0R_JUMPER"; VariantName = "[No Variations]"
Add component (AddParameter): Name = "Pin Count"; Value = "2"; VariantName = "[No Variations]"
Add component (AddParameter): Name = "PressFit"; Value = "No"; VariantName = "[No Variations]"
Add component (AddParameter): Name = "Sense"; Value = "No"; VariantName = "[No Variations]"
Add component (AddParameter): Name = "SMD"; Value = "Yes"; VariantName = "[No Variations]"
Add component (AddParameter): Name = "Socket"; Value = "No"; VariantName = "[No Variations]"
Add component (AddParameter): Name = "Status"; Value = "Not Recommended"; VariantName = "[No Variations]"
Add component (AddParameter): Name = "Value"; Value = "0"; VariantName = "[No Variations]"
Added Component: Designator=R285(RESC1005X40N)
Add component. Clean all parameters for all variants
Add component (AddParameter): Name = "Author"; Value = "CERN DEM JLC"; VariantName = "[No Variations]"
Add component (AddParameter): Name = "Case"; Value = "0402"; VariantName = "[No Variations]"
Add component (AddParameter): Name = "Component Type"; Value = "Standard"; VariantName = "[No Variations]"
Add component (AddParameter): Name = "CreateDate"; Value = "03.12.2007"; VariantName = "[No Variations]"
Add component (AddParameter): Name = "HelpURL"; Value = "\\cern.ch\dfs\Applications\Altium\Datasheets\R0402_Phycomp_RC0402.pdf"; VariantName = "[No Variations]"
Add component (AddParameter): Name = "LatestRevisionDate"; Value = "17.10.2012"; VariantName = "[No Variations]"
Add component (AddParameter): Name = "Manufacturer"; Value = "GENERIC"; VariantName = "[No Variations]"
Add component (AddParameter): Name = "Manufacturer1 ComponentHeight"; Value = "0.4mm"; VariantName = "[No Variations]"
Add component (AddParameter): Name = "Manufacturer1 Example"; Value = "YAGEO PHYCOMP"; VariantName = "[No Variations]"
Add component (AddParameter): Name = "Manufacturer1 Part Number"; Value = "232270591001L"; VariantName = "[No Variations]"
Add component (AddParameter): Name = "Manufacturer Part Number"; Value = "R0402_0R_JUMPER"; VariantName = "[No Variations]"
Add component (AddParameter): Name = "Mounted"; Value = "Yes"; VariantName = "[No Variations]"
Add component (AddParameter): Name = "Part Description"; Value = "1A (0.05R Max DC Resistance) Zero Ohm Jumper"; VariantName = "[No Variations]"
Add component (AddParameter): Name = "Part Number"; Value = "R0402_0R_JUMPER"; VariantName = "[No Variations]"
Add component (AddParameter): Name = "Pin Count"; Value = "2"; VariantName = "[No Variations]"
Add component (AddParameter): Name = "PressFit"; Value = "No"; VariantName = "[No Variations]"
Add component (AddParameter): Name = "Sense"; Value = "No"; VariantName = "[No Variations]"
Add component (AddParameter): Name = "SMD"; Value = "Yes"; VariantName = "[No Variations]"
Add component (AddParameter): Name = "Socket"; Value = "No"; VariantName = "[No Variations]"
Add component (AddParameter): Name = "Status"; Value = "Not Recommended"; VariantName = "[No Variations]"
Add component (AddParameter): Name = "Value"; Value = "0"; VariantName = "[No Variations]"
Added Component: Designator=R286(RESC1005X40N)
Add component. Clean all parameters for all variants
Add component (AddParameter): Name = "Author"; Value = "CERN DEM JLC"; VariantName = "[No Variations]"
Add component (AddParameter): Name = "Case"; Value = "0402"; VariantName = "[No Variations]"
Add component (AddParameter): Name = "Component Type"; Value = "Standard"; VariantName = "[No Variations]"
Add component (AddParameter): Name = "CreateDate"; Value = "03.12.2007"; VariantName = "[No Variations]"
Add component (AddParameter): Name = "HelpURL"; Value = "\\cern.ch\dfs\Applications\Altium\Datasheets\R0402_Phycomp_RC0402.pdf"; VariantName = "[No Variations]"
Add component (AddParameter): Name = "LatestRevisionDate"; Value = "17.10.2012"; VariantName = "[No Variations]"
Add component (AddParameter): Name = "Manufacturer"; Value = "GENERIC"; VariantName = "[No Variations]"
Add component (AddParameter): Name = "Manufacturer1 ComponentHeight"; Value = "0.4mm"; VariantName = "[No Variations]"
Add component (AddParameter): Name = "Manufacturer1 Example"; Value = "YAGEO PHYCOMP"; VariantName = "[No Variations]"
Add component (AddParameter): Name = "Manufacturer1 Part Number"; Value = "232270591001L"; VariantName = "[No Variations]"
Add component (AddParameter): Name = "Manufacturer Part Number"; Value = "R0402_0R_JUMPER"; VariantName = "[No Variations]"
Add component (AddParameter): Name = "Mounted"; Value = "Yes"; VariantName = "[No Variations]"
Add component (AddParameter): Name = "Part Description"; Value = "1A (0.05R Max DC Resistance) Zero Ohm Jumper"; VariantName = "[No Variations]"
Add component (AddParameter): Name = "Part Number"; Value = "R0402_0R_JUMPER"; VariantName = "[No Variations]"
Add component (AddParameter): Name = "Pin Count"; Value = "2"; VariantName = "[No Variations]"
Add component (AddParameter): Name = "PressFit"; Value = "No"; VariantName = "[No Variations]"
Add component (AddParameter): Name = "Sense"; Value = "No"; VariantName = "[No Variations]"
Add component (AddParameter): Name = "SMD"; Value = "Yes"; VariantName = "[No Variations]"
Add component (AddParameter): Name = "Socket"; Value = "No"; VariantName = "[No Variations]"
Add component (AddParameter): Name = "Status"; Value = "Not Recommended"; VariantName = "[No Variations]"
Add component (AddParameter): Name = "Value"; Value = "0"; VariantName = "[No Variations]"
Added Component: Designator=R287(RESC1005X40N)
Add component. Clean all parameters for all variants
Add component (AddParameter): Name = "Author"; Value = "CERN DEM JLC"; VariantName = "[No Variations]"
Add component (AddParameter): Name = "Case"; Value = "0402"; VariantName = "[No Variations]"
Add component (AddParameter): Name = "Component Type"; Value = "Standard"; VariantName = "[No Variations]"
Add component (AddParameter): Name = "CreateDate"; Value = "03.12.2007"; VariantName = "[No Variations]"
Add component (AddParameter): Name = "HelpURL"; Value = "\\cern.ch\dfs\Applications\Altium\Datasheets\R0402_Phycomp_RC0402.pdf"; VariantName = "[No Variations]"
Add component (AddParameter): Name = "LatestRevisionDate"; Value = "17.10.2012"; VariantName = "[No Variations]"
Add component (AddParameter): Name = "Manufacturer"; Value = "GENERIC"; VariantName = "[No Variations]"
Add component (AddParameter): Name = "Manufacturer1 ComponentHeight"; Value = "0.4mm"; VariantName = "[No Variations]"
Add component (AddParameter): Name = "Manufacturer1 Example"; Value = "YAGEO PHYCOMP"; VariantName = "[No Variations]"
Add component (AddParameter): Name = "Manufacturer1 Part Number"; Value = "232270671004L"; VariantName = "[No Variations]"
Add component (AddParameter): Name = "Manufacturer Part Number"; Value = "R0402_100K_1%_0.0625W_100PPM"; VariantName = "[No Variations]"
Add component (AddParameter): Name = "Mounted"; Value = "Yes"; VariantName = "[No Variations]"
Add component (AddParameter): Name = "Part Description"; Value = "General Purpose Thick Film Chip Resistor"; VariantName = "[No Variations]"
Add component (AddParameter): Name = "Part Number"; Value = "R0402_100K_1%_0.0625W_100PPM"; VariantName = "[No Variations]"
Add component (AddParameter): Name = "Pin Count"; Value = "2"; VariantName = "[No Variations]"
Add component (AddParameter): Name = "Power"; Value = "0.0625W"; VariantName = "[No Variations]"
Add component (AddParameter): Name = "PressFit"; Value = "No"; VariantName = "[No Variations]"
Add component (AddParameter): Name = "Sense"; Value = "No"; VariantName = "[No Variations]"
Add component (AddParameter): Name = "SMD"; Value = "Yes"; VariantName = "[No Variations]"
Add component (AddParameter): Name = "Socket"; Value = "No"; VariantName = "[No Variations]"
Add component (AddParameter): Name = "Status"; Value = "Not Recommended"; VariantName = "[No Variations]"
Add component (AddParameter): Name = "TC"; Value = "±100ppm/°C"; VariantName = "[No Variations]"
Add component (AddParameter): Name = "Tolerance"; Value = "±1%"; VariantName = "[No Variations]"
Add component (AddParameter): Name = "Value"; Value = "100k"; VariantName = "[No Variations]"
Added Component: Designator=R288(RESC1005X40N)
Add component. Clean all parameters for all variants
Add component (AddParameter): Name = "Author"; Value = "CERN DEM JLC"; VariantName = "[No Variations]"
Add component (AddParameter): Name = "Case"; Value = "0402"; VariantName = "[No Variations]"
Add component (AddParameter): Name = "Component Type"; Value = "Standard"; VariantName = "[No Variations]"
Add component (AddParameter): Name = "CreateDate"; Value = "03/12/2007"; VariantName = "[No Variations]"
Add component (AddParameter): Name = "HelpURL"; Value = "\\cern.ch\dfs\Applications\Altium\Datasheets\R0402_Phycomp_RC0402.pdf"; VariantName = "[No Variations]"
Add component (AddParameter): Name = "LatestRevisionDate"; Value = "17/10/2012"; VariantName = "[No Variations]"
Add component (AddParameter): Name = "Manufacturer"; Value = "GENERIC"; VariantName = "[No Variations]"
Add component (AddParameter): Name = "Manufacturer1 ComponentHeight"; Value = "0.4mm"; VariantName = "[No Variations]"
Add component (AddParameter): Name = "Manufacturer1 Example"; Value = "YAGEO PHYCOMP"; VariantName = "[No Variations]"
Add component (AddParameter): Name = "Manufacturer1 Part Number"; Value = "232270671003L"; VariantName = "[No Variations]"
Add component (AddParameter): Name = "Manufacturer Part Number"; Value = "R0402_10K_1%_0.0625W_100PPM"; VariantName = "[No Variations]"
Add component (AddParameter): Name = "Mounted"; Value = "Yes"; VariantName = "[No Variations]"
Add component (AddParameter): Name = "Part Description"; Value = "General Purpose Thick Film Chip Resistor"; VariantName = "[No Variations]"
Add component (AddParameter): Name = "Part Number"; Value = "R0402_10K_1%_0.0625W_100PPM"; VariantName = "[No Variations]"
Add component (AddParameter): Name = "Pin Count"; Value = "2"; VariantName = "[No Variations]"
Add component (AddParameter): Name = "Power"; Value = "0.0625W"; VariantName = "[No Variations]"
Add component (AddParameter): Name = "PressFit"; Value = "No"; VariantName = "[No Variations]"
Add component (AddParameter): Name = "Sense"; Value = "No"; VariantName = "[No Variations]"
Add component (AddParameter): Name = "SMD"; Value = "Yes"; VariantName = "[No Variations]"
Add component (AddParameter): Name = "Socket"; Value = "No"; VariantName = "[No Variations]"
Add component (AddParameter): Name = "Status"; Value = "Not Recommended"; VariantName = "[No Variations]"
Add component (AddParameter): Name = "TC"; Value = "±100ppm/°C"; VariantName = "[No Variations]"
Add component (AddParameter): Name = "Tolerance"; Value = "±1%"; VariantName = "[No Variations]"
Add component (AddParameter): Name = "Value"; Value = "10k"; VariantName = "[No Variations]"
Added Component: Designator=R289(RESC1005X40N)
Add component. Clean all parameters for all variants
Add component (AddParameter): Name = "Author"; Value = "CERN DEM JLC"; VariantName = "[No Variations]"
Add component (AddParameter): Name = "Case"; Value = "0402"; VariantName = "[No Variations]"
Add component (AddParameter): Name = "Component Type"; Value = "Standard"; VariantName = "[No Variations]"
Add component (AddParameter): Name = "CreateDate"; Value = "03/12/2007"; VariantName = "[No Variations]"
Add component (AddParameter): Name = "HelpURL"; Value = "\\cern.ch\dfs\Applications\Altium\Datasheets\R0402_Phycomp_RC0402.pdf"; VariantName = "[No Variations]"
Add component (AddParameter): Name = "LatestRevisionDate"; Value = "17/10/2012"; VariantName = "[No Variations]"
Add component (AddParameter): Name = "Manufacturer"; Value = "GENERIC"; VariantName = "[No Variations]"
Add component (AddParameter): Name = "Manufacturer1 ComponentHeight"; Value = "0.4mm"; VariantName = "[No Variations]"
Add component (AddParameter): Name = "Manufacturer1 Example"; Value = "YAGEO PHYCOMP"; VariantName = "[No Variations]"
Add component (AddParameter): Name = "Manufacturer1 Part Number"; Value = "232270671003L"; VariantName = "[No Variations]"
Add component (AddParameter): Name = "Manufacturer Part Number"; Value = "R0402_10K_1%_0.0625W_100PPM"; VariantName = "[No Variations]"
Add component (AddParameter): Name = "Mounted"; Value = "Yes"; VariantName = "[No Variations]"
Add component (AddParameter): Name = "Part Description"; Value = "General Purpose Thick Film Chip Resistor"; VariantName = "[No Variations]"
Add component (AddParameter): Name = "Part Number"; Value = "R0402_10K_1%_0.0625W_100PPM"; VariantName = "[No Variations]"
Add component (AddParameter): Name = "Pin Count"; Value = "2"; VariantName = "[No Variations]"
Add component (AddParameter): Name = "Power"; Value = "0.0625W"; VariantName = "[No Variations]"
Add component (AddParameter): Name = "PressFit"; Value = "No"; VariantName = "[No Variations]"
Add component (AddParameter): Name = "Sense"; Value = "No"; VariantName = "[No Variations]"
Add component (AddParameter): Name = "SMD"; Value = "Yes"; VariantName = "[No Variations]"
Add component (AddParameter): Name = "Socket"; Value = "No"; VariantName = "[No Variations]"
Add component (AddParameter): Name = "Status"; Value = "Not Recommended"; VariantName = "[No Variations]"
Add component (AddParameter): Name = "TC"; Value = "±100ppm/°C"; VariantName = "[No Variations]"
Add component (AddParameter): Name = "Tolerance"; Value = "±1%"; VariantName = "[No Variations]"
Add component (AddParameter): Name = "Value"; Value = "10k"; VariantName = "[No Variations]"
Added Component: Designator=T5(SOT65P210X110-6N)
Add component. Clean all parameters for all variants
Add component (AddParameter): Name = "Author"; Value = "CERN DEM JLC"; VariantName = "[No Variations]"
Add component (AddParameter): Name = "Bonding"; Value = "No"; VariantName = "[No Variations]"
Add component (AddParameter): Name = "Case"; Value = "SOT363"; VariantName = "[No Variations]"
Add component (AddParameter): Name = "ComponentHeight"; Value = "1.1mm"; VariantName = "[No Variations]"
Add component (AddParameter): Name = "Component Type"; Value = "Standard"; VariantName = "[No Variations]"
Add component (AddParameter): Name = "CreateDate"; Value = "2012-11-27"; VariantName = "[No Variations]"
Add component (AddParameter): Name = "Device"; Value = "2N7002BKS"; VariantName = "[No Variations]"
Add component (AddParameter): Name = "HelpURL"; Value = "\\cern.ch\dfs\Applications\Altium\Datasheets\2N7002BKS.pdf"; VariantName = "[No Variations]"
Add component (AddParameter): Name = "LatestRevisionDate"; Value = "2012-11-27"; VariantName = "[No Variations]"
Add component (AddParameter): Name = "Manufacturer"; Value = "NXP SEMICONDUCTORS"; VariantName = "[No Variations]"
Add component (AddParameter): Name = "Manufacturer Part Number"; Value = "2N7002BKS6"; VariantName = "[No Variations]"
Add component (AddParameter): Name = "Mounted"; Value = "Yes"; VariantName = "[No Variations]"
Add component (AddParameter): Name = "PackageDescription"; Value = "SOT363, SC70-6, SOT, 0.65mm Pitch, 6 pin, 1.25mm W X 2.00mm L X 1.10mm H, IPC Medium Density"; VariantName = "[No Variations]"
Add component (AddParameter): Name = "Part Description"; Value = "60 V, 300 mA Dual N-Channel Trench MOSFET"; VariantName = "[No Variations]"
Add component (AddParameter): Name = "Part Number"; Value = "2N7002BKS"; VariantName = "[No Variations]"
Add component (AddParameter): Name = "Pin Count"; Value = "4"; VariantName = "[No Variations]"
Add component (AddParameter): Name = "PressFit"; Value = "No"; VariantName = "[No Variations]"
Add component (AddParameter): Name = "Sense"; Value = "No"; VariantName = "[No Variations]"
Add component (AddParameter): Name = "SMD"; Value = "Yes"; VariantName = "[No Variations]"
Add component (AddParameter): Name = "Socket"; Value = "No"; VariantName = "[No Variations]"
Added Pin To Net: NetName=SYSRESET* Pin=C276-2
Added Pin To Net: NetName=GND Pin=C277-1
Added Pin To Net: NetName=3.3V Pin=C277-2
Added Pin To Net: NetName=GND Pin=C278-1
Added Pin To Net: NetName=3.3V Pin=C278-2
Added Pin To Net: NetName=NetC2_2 Pin=D17-2
Added Pin To Net: NetName=PG_P2V5 Pin=D19-1
Added Pin To Net: NetName=ETH_MDIO Pin=J14-51
Added Pin To Net: NetName=ETH_MDINT Pin=J14-57
Added Pin To Net: NetName=ETH_TX7 Pin=J14-61
Added Pin To Net: NetName=ETH_TXER Pin=J14-63
Added Pin To Net: NetName=GND Pin=OSC1-3
Added Pin To Net: NetName=3.3V Pin=OSC1-6
Added Pin To Net: NetName=GND Pin=OSC2-3
Added Pin To Net: NetName=AUX_CLK_P Pin=OSC2-4
Added Pin To Net: NetName=AUX_CLK_N Pin=OSC2-5
Added Pin To Net: NetName=3.3V Pin=OSC2-6
Added Pin To Net: NetName=3.3V Pin=R177-2
Added Pin To Net: NetName=3.3V Pin=R185-2
Added Pin To Net: NetName=EN_P3V3 Pin=R214-2
Added Pin To Net: NetName=PVIN Pin=R216-2
Added Pin To Net: NetName=PG_P3V3 Pin=R243-1
Added Pin To Net: NetName=GND Pin=R244-1
Added Pin To Net: NetName=3.3V Pin=R245-1
Added Pin To Net: NetName=3.3V Pin=R246-1
Added Pin To Net: NetName=UD_OBC_SEL0 Pin=R284-1
Added Pin To Net: NetName=UD_OBC_SEL1 Pin=R285-1
Added Pin To Net: NetName=UD_OBC_SEL2 Pin=R286-1
Added Pin To Net: NetName=3.3V Pin=R287-2
Added Pin To Net: NetName=Vs1 Pin=R288-1
Added Pin To Net: NetName=INT_DIS Pin=R288-2
Added Pin To Net: NetName=3.3V Pin=R289-1
Added Pin To Net: NetName=INT_DIS Pin=T5-3
Added Pin To Net: NetName=GND Pin=T5-4
Added Pin To Net: NetName=UD_OBC_SEL0 Pin=U1-A21
Added Pin To Net: NetName=UD_OBC_SEL2 Pin=U1-B20
Added Pin To Net: NetName=UD_OBC_SEL1 Pin=U1-C18
Added Pin To Net: NetName=EN_P3V3 Pin=U11-12
Change Net Name : Old Net Name=INT_DIS New Net Name=DIS_LVDS
Added Pin To Net: NetName=CLK1_EN Pin=OSC1-1
Added Pin To Net: NetName=CLK1_EN Pin=R245-2
Added Pin To Net: NetName=CLK1_EN Pin=U1-C17
Added Net: Name=CLK1_EN
Added Pin To Net: NetName=CLK2_EN Pin=OSC2-1
Added Pin To Net: NetName=CLK2_EN Pin=R246-2
Added Pin To Net: NetName=CLK2_EN Pin=U1-A20
Added Net: Name=CLK2_EN
Added Pin To Net: NetName=NetC276_1 Pin=C276-1
Added Pin To Net: NetName=NetC276_1 Pin=D17-1
Added Pin To Net: NetName=NetC276_1 Pin=R287-1
Added Net: Name=NetC276_1
Added Pin To Net: NetName=NetD18_2 Pin=D18-2
Added Pin To Net: NetName=NetD18_2 Pin=D19-2
Added Pin To Net: NetName=NetD18_2 Pin=R289-2
Added Pin To Net: NetName=NetD18_2 Pin=T5-5
Added Net: Name=NetD18_2
Added Class: Name=U_Clocks_gen
Added Member To Class: ClassName=U_GR740 Member=Component C276 10uF
Added Member To Class: ClassName=U_GR740 Member=Component D17 BAT165
Added Member To Class: ClassName=U_Power Member=Component D18 BAT165
Added Member To Class: ClassName=U_Power Member=Component D19 BAT165
Added Member To Class: ClassName=U_Power Member=Component R243 100k
Added Member To Class: ClassName=U_Power Member=Component R244 36k
Added Member To Class: ClassName=U_GR740_GPIO Member=Component R284 0
Added Member To Class: ClassName=U_GR740_GPIO Member=Component R285 0
Added Member To Class: ClassName=U_GR740_GPIO Member=Component R286 0
Added Member To Class: ClassName=U_GR740 Member=Component R287 100k
Added Member To Class: ClassName=U_Power Member=Component R288 10k
Added Member To Class: ClassName=U_Power Member=Component R289 10k
Added Member To Class: ClassName=U_Power Member=Component T5 2N7002BKS
Added Room: Name=U_Clocks_gen
