Removed Member From Class: ClassName=U_USB_JTAG Member=C244
Removed Member From Class: ClassName=U_USB_JTAG Member=C245
Removed Member From Class: ClassName=Artix Member=C248
Removed Member From Class: ClassName=U_USB_JTAG Member=C248
Removed Member From Class: ClassName=U_USB_JTAG Member=C249
Removed Member From Class: ClassName=U_Power Member=C261
Removed Member From Class: ClassName=U_Power Member=C262
Removed Member From Class: ClassName=U_Power Member=C263
Removed Member From Class: ClassName=U_PWR_3V3 Member=C264
Removed Member From Class: ClassName=U_PWR_3V3 Member=C265
Removed Member From Class: ClassName=U_PWR_3V3 Member=C266
Removed Member From Class: ClassName=U_USB_JTAG Member=D10
Removed Member From Class: ClassName=U_USB_JTAG Member=IC13
Removed Member From Class: ClassName=U_USB_JTAG Member=IC15
Removed Member From Class: ClassName=U_Clocks Member=IC17
Removed Member From Class: ClassName=U_GR740_Memory Member=R235
Removed Member From Class: ClassName=U_GR740_Memory Member=R236
Removed Member From Class: ClassName=U_GR740_Memory Member=R241
Removed Member From Class: ClassName=U_GR740_Memory Member=R242
Removed Member From Class: ClassName=U_GR740_Memory Member=R250
Removed Member From Class: ClassName=U_GR740_Memory Member=R251
Removed Member From Class: ClassName=U_GR740_Memory Member=R252
Removed Member From Class: ClassName=U_GR740_Memory Member=R253
Removed Member From Class: ClassName=U_GR740_Memory Member=R254
Removed Member From Class: ClassName=U_GR740_Memory Member=R255
Removed Member From Class: ClassName=U_GR740_GPIO Member=R256
Removed Member From Class: ClassName=U_GR740_GPIO Member=R257
Removed Member From Class: ClassName=U_GR740_Memory Member=R258
Removed Member From Class: ClassName=U_GR740_Memory Member=R259
Removed Member From Class: ClassName=U_GR740_Memory Member=R260
Removed Member From Class: ClassName=U_GR740_Memory Member=R261
Removed Member From Class: ClassName=U_GR740_Memory Member=R262
Removed Member From Class: ClassName=U_GR740_Memory Member=R263
Removed Member From Class: ClassName=U_GR740_Memory Member=R264
Removed Member From Class: ClassName=U_GR740_Memory Member=R265
Removed Member From Class: ClassName=U_GR740_Memory Member=R266
Removed Member From Class: ClassName=U_GR740_Memory Member=R267
Removed Member From Class: ClassName=U_GR740_Memory Member=R268
Added Pin To Net: NetName=JTAG_TDO/TDI_17 Pin=J2-1
Added Pin To Net: NetName=JTAG_VCC_TOOL_17 Pin=J2-2
Added Pin To Net: NetName=JTAG_TDI_17 Pin=J2-3
Added Pin To Net: NetName=JTAG_VCC_TARGET_17 Pin=J2-4
Added Pin To Net: NetName=JTAG_TMS_17 Pin=J2-5
Added Pin To Net: NetName=JTAG_TCK_17 Pin=J2-7
Added Pin To Net: NetName=JTAG_TEST_17 Pin=J2-8
Added Pin To Net: NetName=GND Pin=J2-9
Added Pin To Net: NetName=JTAG_R\S\T\_17 Pin=J2-11
Added Pin To Net: NetName=NetD15_1 Pin=J2-13
Added Pin To Net: NetName=NetD15_2 Pin=J2-14
Added Member To Class: ClassName=U_Power Member=Component C172 47uF
Added Member To Class: ClassName=U_Power Member=Component C173 47uF
Added Member To Class: ClassName=U_Power Member=Component C199 10nF
Added Member To Class: ClassName=U_PWR_3V3 Member=Component C201 6.8nF
Added Member To Class: ClassName=U_PWR_3V3 Member=Component C202 100uF
Added Member To Class: ClassName=U_PWR_3V3 Member=Component C203 100uF
Added Member To Class: ClassName=Artix Member=Component C232 22uF
Added Member To Class: ClassName=U_USB_JTAG Member=Component C232 22uF
Added Member To Class: ClassName=U_USB_JTAG Member=Component C233 4.7uF
Added Member To Class: ClassName=U_USB_JTAG Member=Component C234 100nF
Added Member To Class: ClassName=U_USB_JTAG Member=Component C253 100nF
Added Member To Class: ClassName=U_USB_JTAG Member=Component D5 QSBT40-7-F
Added Member To Class: ClassName=U_Clocks Member=Component IC3 DSC1001DL5-033.0000T
Added Member To Class: ClassName=U_USB_JTAG Member=Component IC10 SN74AVC2T245RSWR
Added Member To Class: ClassName=U_USB_JTAG Member=Component IC11 FT4232H-56Q
Added Member To Class: ClassName=U_NIC_MSP430_power_jtag Member=Component J2 SHF-107-01-L-D-SM
Added Member To Class: ClassName=U_GR740_Memory Member=Component R95 0
Added Member To Class: ClassName=U_GR740_Memory Member=Component R96 0
Added Member To Class: ClassName=U_GR740_Memory Member=Component R130 0
Added Member To Class: ClassName=U_GR740_Memory Member=Component R131 0
Added Member To Class: ClassName=U_GR740_Memory Member=Component R132 0
Added Member To Class: ClassName=U_GR740_Memory Member=Component R133 0
Added Member To Class: ClassName=U_GR740_Memory Member=Component R134 0
Added Member To Class: ClassName=U_GR740_Memory Member=Component R135 0
Added Member To Class: ClassName=U_GR740_Memory Member=Component R136 0
Added Member To Class: ClassName=U_GR740_Memory Member=Component R137 0
Added Member To Class: ClassName=U_GR740_Memory Member=Component R138 0
Added Member To Class: ClassName=U_GR740_Memory Member=Component R139 0
Added Member To Class: ClassName=U_GR740_Memory Member=Component R140 0
Added Member To Class: ClassName=U_GR740_Memory Member=Component R141 0
Added Member To Class: ClassName=U_GR740_Memory Member=Component R142 0
Added Member To Class: ClassName=U_GR740_Memory Member=Component R143 0
Added Member To Class: ClassName=U_GR740_Memory Member=Component R144 0
Added Member To Class: ClassName=U_GR740_Memory Member=Component R145 0
Added Member To Class: ClassName=U_GR740_Memory Member=Component R146 0
Added Member To Class: ClassName=U_GR740_Memory Member=Component R160 0
Added Member To Class: ClassName=U_GR740_Memory Member=Component R161 0
Added Member To Class: ClassName=U_GR740_GPIO Member=Component R197 33
Added Member To Class: ClassName=U_GR740_GPIO Member=Component R198 33
