Removed Pin From Net: NetName=GND Pin=C244-1
Removed Pin From Net: NetName=P3V3_USB Pin=C244-2
Removed Pin From Net: NetName=GND Pin=C245-1
Removed Pin From Net: NetName=3.3V Pin=C245-2
Removed Pin From Net: NetName=GND Pin=C248-1
Removed Pin From Net: NetName=P3V3_USB Pin=C248-2
Removed Pin From Net: NetName=GND Pin=C249-1
Removed Pin From Net: NetName=3.3V Pin=C249-2
Removed Pin From Net: NetName=P3V3_USB Pin=IC13-1
Removed Pin From Net: NetName=GND Pin=IC13-4
Removed Pin From Net: NetName=3.3V Pin=IC13-8
Removed Pin From Net: NetName=P3V3_USB Pin=IC15-1
Removed Pin From Net: NetName=GND Pin=IC15-2
Removed Pin From Net: NetName=GND Pin=IC15-3
Removed Pin From Net: NetName=P2V5 Pin=IC15-6
Removed Pin From Net: NetName=P3V3_USB Pin=IC15-7
Removed Pin From Net: NetName=GND Pin=IC15-10
Removed Pin From Net: NetName=P3V3_USB Pin=IC16-1
Removed Pin From Net: NetName=GND Pin=IC16-2
Removed Pin From Net: NetName=GND Pin=IC16-3
Removed Pin From Net: NetName=GND Pin=IC16-4
Removed Pin From Net: NetName=3.3V Pin=IC16-6
Removed Pin From Net: NetName=P3V3_USB Pin=IC16-7
Removed Pin From Net: NetName=GND Pin=IC16-9
Removed Pin From Net: NetName=P3V3_USB Pin=IC16-10
Removed Pin From Net: NetName=P3V3_USB Pin=R235-2
Removed Pin From Net: NetName=P3V3_USB Pin=R236-2
Removed Pin From Net: NetName=GND Pin=R241-1
Removed Pin From Net: NetName=P3V3_USB Pin=R242-2
Removed Pin From Net: NetName=NetC237_2 Pin=TP14-1
Removed Member From Class: ClassName=U_USB_JTAG Member=C244
Removed Member From Class: ClassName=U_USB_JTAG Member=C245
Removed Member From Class: ClassName=U_USB_JTAG Member=C248
Removed Member From Class: ClassName=U_USB_JTAG Member=C249
Removed Member From Class: ClassName=U_USB_JTAG Member=IC13
Removed Member From Class: ClassName=U_USB_JTAG Member=IC15
Removed Member From Class: ClassName=U_USB_JTAG Member=IC16
Removed Member From Class: ClassName=U_USB_JTAG Member=R235
Removed Member From Class: ClassName=U_USB_JTAG Member=R236
Removed Member From Class: ClassName=U_USB_JTAG Member=R241
Removed Member From Class: ClassName=U_USB_JTAG Member=R242
Removed Member From Class: ClassName=U_USB_JTAG Member=TP14
Removed Member From Class: ClassName=U_USB_JTAG Member=TP16
Removed Member From Class: ClassName=U_USB_JTAG Member=TP17
Removed Member From Class: ClassName=U_USB_JTAG Member=TP18
Removed Member From Class: ClassName=U_USB_JTAG Member=TP19
Added Pin To Net: NetName=GND Pin=C237-1
Added Pin To Net: NetName=GND Pin=Q1-2
