Added Component: Designator=TP16(TPS127)
Add component. Clean all parameters for all variants
Add component (AddParameter): Name = "Author"; Value = "CERN DEM JLC"; VariantName = "[No Variations]"
Add component (AddParameter): Name = "ComponentHeight"; Value = "0mm"; VariantName = "[No Variations]"
Add component (AddParameter): Name = "Component Type"; Value = "Standard (No BOM)"; VariantName = "[No Variations]"
Add component (AddParameter): Name = "CreateDate"; Value = "12.01.2008"; VariantName = "[No Variations]"
Add component (AddParameter): Name = "Family"; Value = "Test Point"; VariantName = "[No Variations]"
Add component (AddParameter): Name = "HelpURL"; Value = "Undefined"; VariantName = "[No Variations]"
Add component (AddParameter): Name = "LatestRevisionDate"; Value = "12.01.2008"; VariantName = "[No Variations]"
Add component (AddParameter): Name = "Mounted"; Value = "No"; VariantName = "[No Variations]"
Add component (AddParameter): Name = "PackageDescription"; Value = "1.27mm x 1.27mm PCB Copper Area (SMD Test Point)"; VariantName = "[No Variations]"
Add component (AddParameter): Name = "Part Description"; Value = "1.27mm x 1.27mm PCB Copper Area (SMD Test Point)"; VariantName = "[No Variations]"
Add component (AddParameter): Name = "Part Number"; Value = "SMD_PAD_1.27X1.27MM"; VariantName = "[No Variations]"
Add component (AddParameter): Name = "Pin Count"; Value = "1"; VariantName = "[No Variations]"
Add component (AddParameter): Name = "Sense"; Value = "No"; VariantName = "[No Variations]"
Add component (AddParameter): Name = "SMD"; Value = "No"; VariantName = "[No Variations]"
Add component (AddParameter): Name = "Socket"; Value = "No"; VariantName = "[No Variations]"
Add component (AddParameter): Name = "Status"; Value = "None"; VariantName = "[No Variations]"
Added Component: Designator=TP17(TPS127)
Add component. Clean all parameters for all variants
Add component (AddParameter): Name = "Author"; Value = "CERN DEM JLC"; VariantName = "[No Variations]"
Add component (AddParameter): Name = "ComponentHeight"; Value = "0mm"; VariantName = "[No Variations]"
Add component (AddParameter): Name = "Component Type"; Value = "Standard (No BOM)"; VariantName = "[No Variations]"
Add component (AddParameter): Name = "CreateDate"; Value = "12.01.2008"; VariantName = "[No Variations]"
Add component (AddParameter): Name = "Family"; Value = "Test Point"; VariantName = "[No Variations]"
Add component (AddParameter): Name = "HelpURL"; Value = "Undefined"; VariantName = "[No Variations]"
Add component (AddParameter): Name = "LatestRevisionDate"; Value = "12.01.2008"; VariantName = "[No Variations]"
Add component (AddParameter): Name = "Mounted"; Value = "No"; VariantName = "[No Variations]"
Add component (AddParameter): Name = "PackageDescription"; Value = "1.27mm x 1.27mm PCB Copper Area (SMD Test Point)"; VariantName = "[No Variations]"
Add component (AddParameter): Name = "Part Description"; Value = "1.27mm x 1.27mm PCB Copper Area (SMD Test Point)"; VariantName = "[No Variations]"
Add component (AddParameter): Name = "Part Number"; Value = "SMD_PAD_1.27X1.27MM"; VariantName = "[No Variations]"
Add component (AddParameter): Name = "Pin Count"; Value = "1"; VariantName = "[No Variations]"
Add component (AddParameter): Name = "Sense"; Value = "No"; VariantName = "[No Variations]"
Add component (AddParameter): Name = "SMD"; Value = "No"; VariantName = "[No Variations]"
Add component (AddParameter): Name = "Socket"; Value = "No"; VariantName = "[No Variations]"
Add component (AddParameter): Name = "Status"; Value = "None"; VariantName = "[No Variations]"
Change Net Name : Old Net Name=UD_OBC_SEL0 New Net Name=OBC_SEL0
Change Net Name : Old Net Name=UD_OBC_SEL1 New Net Name=OBC_SEL1
Change Net Name : Old Net Name=UD_OBC_SEL2 New Net Name=OBC_SEL2
Added Pin To Net: NetName=NetTP16_1 Pin=TP16-1
Added Pin To Net: NetName=NetTP16_1 Pin=U1-D5
Added Net: Name=NetTP16_1
Added Pin To Net: NetName=NetTP17_1 Pin=TP17-1
Added Pin To Net: NetName=NetTP17_1 Pin=U1-G2
Added Net: Name=NetTP17_1
Added Pin To Net: NetName=UD_OBC_SEL0 Pin=D3-3
Added Pin To Net: NetName=UD_OBC_SEL0 Pin=P2-G1
Added Pin To Net: NetName=UD_OBC_SEL0 Pin=R284-2
Added Net: Name=UD_OBC_SEL0
Added Pin To Net: NetName=UD_OBC_SEL1 Pin=D3-4
Added Pin To Net: NetName=UD_OBC_SEL1 Pin=P2-G3
Added Pin To Net: NetName=UD_OBC_SEL1 Pin=R285-2
Added Net: Name=UD_OBC_SEL1
Added Pin To Net: NetName=UD_OBC_SEL2 Pin=D3-6
Added Pin To Net: NetName=UD_OBC_SEL2 Pin=P2-G5
Added Pin To Net: NetName=UD_OBC_SEL2 Pin=R286-2
Added Net: Name=UD_OBC_SEL2
Added Member To Class: ClassName=U_GR740_Memory Member=Component TP16 Test Point
Added Member To Class: ClassName=U_GR740_Memory Member=Component TP17 Test Point
