Added Pin To Net: NetName=PCI_INTA Pin=J11-4
Added Pin To Net: NetName=PCI_INTB Pin=J11-5
Added Pin To Net: NetName=PCI_INTC Pin=J11-6
Added Pin To Net: NetName=PCI_INTD Pin=J11-9
Added Pin To Net: NetName=X_CLK Pin=J11-13
Added Pin To Net: NetName=X_GNT Pin=J11-16
Added Pin To Net: NetName=X_REQ Pin=J11-17
Added Pin To Net: NetName=X_AD31 Pin=J11-20
Added Pin To Net: NetName=X_AD28 Pin=J11-21
Added Pin To Net: NetName=X_AD27 Pin=J11-22
Added Pin To Net: NetName=X_AD25 Pin=J11-23
Added Pin To Net: NetName=X_CBE3 Pin=J11-26
Added Pin To Net: NetName=X_AD22 Pin=J11-27
Added Pin To Net: NetName=X_AD21 Pin=J11-28
Added Pin To Net: NetName=X_AD19 Pin=J11-29
Added Pin To Net: NetName=X_AD17 Pin=J11-32
Added Pin To Net: NetName=X_FRAME Pin=J11-33
Added Pin To Net: NetName=X_IRDY Pin=J11-36
Added Pin To Net: NetName=X_DEVSEL Pin=J11-37
Added Pin To Net: NetName=X_PAR Pin=J11-43
Added Pin To Net: NetName=X_AD15 Pin=J11-46
Added Pin To Net: NetName=X_AD12 Pin=J11-47
Added Pin To Net: NetName=X_AD11 Pin=J11-48
Added Pin To Net: NetName=X_AD9 Pin=J11-49
Added Pin To Net: NetName=X_CBE0 Pin=J11-52
Added Pin To Net: NetName=X_AD6 Pin=J11-53
Added Pin To Net: NetName=X_AD5 Pin=J11-54
Added Pin To Net: NetName=X_AD4 Pin=J11-55
Added Pin To Net: NetName=X_AD3 Pin=J11-58
Added Pin To Net: NetName=X_AD2 Pin=J11-59
Added Pin To Net: NetName=X_AD1 Pin=J11-60
Added Pin To Net: NetName=X_AD0 Pin=J11-61
Added Pin To Net: NetName=X_AD30 Pin=J12-19
Added Pin To Net: NetName=X_AD29 Pin=J12-20
Added Pin To Net: NetName=X_AD26 Pin=J12-22
Added Pin To Net: NetName=X_AD24 Pin=J12-23
Added Pin To Net: NetName=X_IDSEL Pin=J12-25
Added Pin To Net: NetName=X_AD23 Pin=J12-26
Added Pin To Net: NetName=X_AD20 Pin=J12-28
Added Pin To Net: NetName=X_AD18 Pin=J12-29
Added Pin To Net: NetName=X_AD16 Pin=J12-31
Added Pin To Net: NetName=X_CBE2 Pin=J12-32
Added Pin To Net: NetName=X_TRDY Pin=J12-35
Added Pin To Net: NetName=X_STOP Pin=J12-38
Added Pin To Net: NetName=X_PERR Pin=J12-39
Added Pin To Net: NetName=X_SERR Pin=J12-42
Added Pin To Net: NetName=X_CBE1 Pin=J12-43
Added Pin To Net: NetName=X_AD14 Pin=J12-45
Added Pin To Net: NetName=X_AD13 Pin=J12-46
Added Pin To Net: NetName=X_M66EN Pin=J12-47
Added Pin To Net: NetName=X_AD10 Pin=J12-48
Added Pin To Net: NetName=X_AD8 Pin=J12-49
Added Pin To Net: NetName=X_AD7 Pin=J12-51
Added Member To Class: ClassName=U_GR740_Memory Member=Component R63 0
Added Member To Class: ClassName=U_GR740_Memory Member=Component R101 0
